# JRE version: OpenJDK Runtime Environment (8.0_172-b11) (build 1.8.0_172-b11)
# Java VM: OpenJDK 64-Bit Server VM (25.172-b11 mixed mode linux-amd64 compressed oops)
Heap:
 PSYoungGen      total 1188864K, used 97035K [0x000000072e300000, 0x0000000782100000, 0x00000007c0000000)
  eden space 1005568K, 0% used [0x000000072e300000,0x000000072e300000,0x000000076b900000)
  from space 183296K, 52% used [0x000000076b900000,0x00000007717c2f78,0x0000000776c00000)
  to   space 181248K, 0% used [0x0000000776c00000,0x0000000776c00000,0x0000000781d00000)
 ParOldGen       total 329216K, used 150728K [0x000000060a800000, 0x000000061e980000, 0x000000072e300000)
  object space 329216K, 45% used [0x000000060a800000,0x0000000613b320d8,0x000000061e980000)
 Metaspace       used 35548K, capacity 36054K, committed 36480K, reserved 1081344K
  class space    used 4054K, capacity 4200K, committed 4224K, reserved 1048576K
GC Heap History (47 events):
Event: 0.517 GC heap before
{Heap before GC invocations=1 (full 0):
 PSYoungGen      total 36864K, used 31407K [0x000000072e300000, 0x0000000730c00000, 0x00000007c0000000)
  eden space 31744K, 98% used [0x000000072e300000,0x00000007301abda0,0x0000000730200000)
  from space 5120K, 0% used [0x0000000730700000,0x0000000730700000,0x0000000730c00000)
  to   space 5120K, 0% used [0x0000000730200000,0x0000000730200000,0x0000000730700000)
 ParOldGen       total 84992K, used 0K [0x000000060a800000, 0x000000060fb00000, 0x000000072e300000)
  object space 84992K, 0% used [0x000000060a800000,0x000000060a800000,0x000000060fb00000)
 Metaspace       used 2881K, capacity 4480K, committed 4480K, reserved 1056768K
  class space    used 269K, capacity 384K, committed 384K, reserved 1048576K
Event: 0.601 GC heap after
Heap after GC invocations=1 (full 0):
 PSYoungGen      total 36864K, used 5096K [0x000000072e300000, 0x0000000732b00000, 0x00000007c0000000)
  eden space 31744K, 0% used [0x000000072e300000,0x000000072e300000,0x0000000730200000)
  from space 5120K, 99% used [0x0000000730200000,0x00000007306fa158,0x0000000730700000)
  to   space 5120K, 0% used [0x0000000732600000,0x0000000732600000,0x0000000732b00000)
 ParOldGen       total 84992K, used 13065K [0x000000060a800000, 0x000000060fb00000, 0x000000072e300000)
  object space 84992K, 15% used [0x000000060a800000,0x000000060b4c2558,0x000000060fb00000)
 Metaspace       used 2881K, capacity 4480K, committed 4480K, reserved 1056768K
  class space    used 269K, capacity 384K, committed 384K, reserved 1048576K
}
Event: 0.983 GC heap before
{Heap before GC invocations=2 (full 0):
 PSYoungGen      total 36864K, used 36840K [0x000000072e300000, 0x0000000732b00000, 0x00000007c0000000)
  eden space 31744K, 100% used [0x000000072e300000,0x0000000730200000,0x0000000730200000)
  from space 5120K, 99% used [0x0000000730200000,0x00000007306fa158,0x0000000730700000)
  to   space 5120K, 0% used [0x0000000732600000,0x0000000732600000,0x0000000732b00000)
 ParOldGen       total 84992K, used 13065K [0x000000060a800000, 0x000000060fb00000, 0x000000072e300000)
  object space 84992K, 15% used [0x000000060a800000,0x000000060b4c2558,0x000000060fb00000)
 Metaspace       used 4358K, capacity 4520K, committed 4608K, reserved 1056768K
  class space    used 406K, capacity 424K, committed 512K, reserved 1048576K
Event: 1.004 GC heap after
Heap after GC invocations=2 (full 0):
 PSYoungGen      total 68608K, used 5113K [0x000000072e300000, 0x0000000732b00000, 0x00000007c0000000)
  eden space 63488K, 0% used [0x000000072e300000,0x000000072e300000,0x0000000732100000)
  from space 5120K, 99% used [0x0000000732600000,0x0000000732afe470,0x0000000732b00000)
  to   space 5120K, 0% used [0x0000000732100000,0x0000000732100000,0x0000000732600000)
 ParOldGen       total 84992K, used 28028K [0x000000060a800000, 0x000000060fb00000, 0x000000072e300000)
  object space 84992K, 32% used [0x000000060a800000,0x000000060c35f340,0x000000060fb00000)
 Metaspace       used 4358K, capacity 4520K, committed 4608K, reserved 1056768K
  class space    used 406K, capacity 424K, committed 512K, reserved 1048576K
}
Event: 2.178 GC heap before
{Heap before GC invocations=3 (full 0):
 PSYoungGen      total 68608K, used 68601K [0x000000072e300000, 0x0000000732b00000, 0x00000007c0000000)
  eden space 63488K, 100% used [0x000000072e300000,0x0000000732100000,0x0000000732100000)
  from space 5120K, 99% used [0x0000000732600000,0x0000000732afe470,0x0000000732b00000)
  to   space 5120K, 0% used [0x0000000732100000,0x0000000732100000,0x0000000732600000)
 ParOldGen       total 84992K, used 28028K [0x000000060a800000, 0x000000060fb00000, 0x000000072e300000)
  object space 84992K, 32% used [0x000000060a800000,0x000000060c35f340,0x000000060fb00000)
 Metaspace       used 11183K, capacity 11340K, committed 11520K, reserved 1058816K
  class space    used 1109K, capacity 1182K, committed 1280K, reserved 1048576K
Event: 2.203 GC heap after
Heap after GC invocations=3 (full 0):
 PSYoungGen      total 68608K, used 5088K [0x000000072e300000, 0x0000000736900000, 0x00000007c0000000)
  eden space 63488K, 0% used [0x000000072e300000,0x000000072e300000,0x0000000732100000)
  from space 5120K, 99% used [0x0000000732100000,0x00000007325f8090,0x0000000732600000)
  to   space 5120K, 0% used [0x0000000736400000,0x0000000736400000,0x0000000736900000)
 ParOldGen       total 84992K, used 38150K [0x000000060a800000, 0x000000060fb00000, 0x000000072e300000)
  object space 84992K, 44% used [0x000000060a800000,0x000000060cd41a20,0x000000060fb00000)
 Metaspace       used 11183K, capacity 11340K, committed 11520K, reserved 1058816K
  class space    used 1109K, capacity 1182K, committed 1280K, reserved 1048576K
}
Event: 3.684 GC heap before
{Heap before GC invocations=4 (full 0):
 PSYoungGen      total 68608K, used 68576K [0x000000072e300000, 0x0000000736900000, 0x00000007c0000000)
  eden space 63488K, 100% used [0x000000072e300000,0x0000000732100000,0x0000000732100000)
  from space 5120K, 99% used [0x0000000732100000,0x00000007325f8090,0x0000000732600000)
  to   space 5120K, 0% used [0x0000000736400000,0x0000000736400000,0x0000000736900000)
 ParOldGen       total 84992K, used 38150K [0x000000060a800000, 0x000000060fb00000, 0x000000072e300000)
  object space 84992K, 44% used [0x000000060a800000,0x000000060cd41a20,0x000000060fb00000)
 Metaspace       used 18290K, capacity 18544K, committed 18944K, reserved 1067008K
  class space    used 1853K, capacity 1943K, committed 2048K, reserved 1048576K
Event: 3.725 GC heap after
Heap after GC invocations=4 (full 0):
 PSYoungGen      total 132096K, used 5105K [0x000000072e300000, 0x0000000736900000, 0x00000007c0000000)
  eden space 126976K, 0% used [0x000000072e300000,0x000000072e300000,0x0000000735f00000)
  from space 5120K, 99% used [0x0000000736400000,0x00000007368fc720,0x0000000736900000)
  to   space 5120K, 0% used [0x0000000735f00000,0x0000000735f00000,0x0000000736400000)
 ParOldGen       total 84992K, used 61916K [0x000000060a800000, 0x000000060fb00000, 0x000000072e300000)
  object space 84992K, 72% used [0x000000060a800000,0x000000060e477230,0x000000060fb00000)
 Metaspace       used 18290K, capacity 18544K, committed 18944K, reserved 1067008K
  class space    used 1853K, capacity 1943K, committed 2048K, reserved 1048576K
}
Event: 3.725 GC heap before
{Heap before GC invocations=5 (full 1):
 PSYoungGen      total 132096K, used 5105K [0x000000072e300000, 0x0000000736900000, 0x00000007c0000000)
  eden space 126976K, 0% used [0x000000072e300000,0x000000072e300000,0x0000000735f00000)
  from space 5120K, 99% used [0x0000000736400000,0x00000007368fc720,0x0000000736900000)
  to   space 5120K, 0% used [0x0000000735f00000,0x0000000735f00000,0x0000000736400000)
 ParOldGen       total 84992K, used 61916K [0x000000060a800000, 0x000000060fb00000, 0x000000072e300000)
  object space 84992K, 72% used [0x000000060a800000,0x000000060e477230,0x000000060fb00000)
 Metaspace       used 18290K, capacity 18544K, committed 18944K, reserved 1067008K
  class space    used 1853K, capacity 1943K, committed 2048K, reserved 1048576K
Event: 3.910 GC heap after
Heap after GC invocations=5 (full 1):
 PSYoungGen      total 132096K, used 0K [0x000000072e300000, 0x0000000736900000, 0x00000007c0000000)
  eden space 126976K, 0% used [0x000000072e300000,0x000000072e300000,0x0000000735f00000)
  from space 5120K, 0% used [0x0000000736400000,0x0000000736400000,0x0000000736900000)
  to   space 5120K, 0% used [0x0000000735f00000,0x0000000735f00000,0x0000000736400000)
 ParOldGen       total 115200K, used 45000K [0x000000060a800000, 0x0000000611880000, 0x000000072e300000)
  object space 115200K, 39% used [0x000000060a800000,0x000000060d3f2058,0x0000000611880000)
 Metaspace       used 18290K, capacity 18544K, committed 18944K, reserved 1067008K
  class space    used 1853K, capacity 1943K, committed 2048K, reserved 1048576K
}
Event: 4.403 GC heap before
{Heap before GC invocations=6 (full 1):
 PSYoungGen      total 132096K, used 126976K [0x000000072e300000, 0x0000000736900000, 0x00000007c0000000)
  eden space 126976K, 100% used [0x000000072e300000,0x0000000735f00000,0x0000000735f00000)
  from space 5120K, 0% used [0x0000000736400000,0x0000000736400000,0x0000000736900000)
  to   space 5120K, 0% used [0x0000000735f00000,0x0000000735f00000,0x0000000736400000)
 ParOldGen       total 115200K, used 45000K [0x000000060a800000, 0x0000000611880000, 0x000000072e300000)
  object space 115200K, 39% used [0x000000060a800000,0x000000060d3f2058,0x0000000611880000)
 Metaspace       used 18783K, capacity 19030K, committed 19456K, reserved 1067008K
  class space    used 1904K, capacity 1976K, committed 2048K, reserved 1048576K
Event: 4.452 GC heap after
Heap after GC invocations=6 (full 1):
 PSYoungGen      total 132096K, used 5097K [0x000000072e300000, 0x000000073ec00000, 0x00000007c0000000)
  eden space 126976K, 0% used [0x000000072e300000,0x000000072e300000,0x0000000735f00000)
  from space 5120K, 99% used [0x0000000735f00000,0x00000007363fa548,0x0000000736400000)
  to   space 35840K, 0% used [0x000000073c900000,0x000000073c900000,0x000000073ec00000)
 ParOldGen       total 115200K, used 71904K [0x000000060a800000, 0x0000000611880000, 0x000000072e300000)
  object space 115200K, 62% used [0x000000060a800000,0x000000060ee38138,0x0000000611880000)
 Metaspace       used 18783K, capacity 19030K, committed 19456K, reserved 1067008K
  class space    used 1904K, capacity 1976K, committed 2048K, reserved 1048576K
}
Event: 4.837 GC heap before
{Heap before GC invocations=7 (full 1):
 PSYoungGen      total 132096K, used 132073K [0x000000072e300000, 0x000000073ec00000, 0x00000007c0000000)
  eden space 126976K, 100% used [0x000000072e300000,0x0000000735f00000,0x0000000735f00000)
  from space 5120K, 99% used [0x0000000735f00000,0x00000007363fa548,0x0000000736400000)
  to   space 35840K, 0% used [0x000000073c900000,0x000000073c900000,0x000000073ec00000)
 ParOldGen       total 115200K, used 71904K [0x000000060a800000, 0x0000000611880000, 0x000000072e300000)
  object space 115200K, 62% used [0x000000060a800000,0x000000060ee38138,0x0000000611880000)
 Metaspace       used 18795K, capacity 19030K, committed 19456K, reserved 1067008K
  class space    used 1904K, capacity 1976K, committed 2048K, reserved 1048576K
Event: 4.899 GC heap after
Heap after GC invocations=7 (full 1):
 PSYoungGen      total 230912K, used 35268K [0x000000072e300000, 0x000000073fc80000, 0x00000007c0000000)
  eden space 195072K, 0% used [0x000000072e300000,0x000000072e300000,0x000000073a180000)
  from space 35840K, 98% used [0x000000073c900000,0x000000073eb71330,0x000000073ec00000)
  to   space 40448K, 0% used [0x000000073a180000,0x000000073a180000,0x000000073c900000)
 ParOldGen       total 115200K, used 71912K [0x000000060a800000, 0x0000000611880000, 0x000000072e300000)
  object space 115200K, 62% used [0x000000060a800000,0x000000060ee3a138,0x0000000611880000)
 Metaspace       used 18795K, capacity 19030K, committed 19456K, reserved 1067008K
  class space    used 1904K, capacity 1976K, committed 2048K, reserved 1048576K
}
Event: 5.435 GC heap before
{Heap before GC invocations=8 (full 1):
 PSYoungGen      total 230912K, used 229769K [0x000000072e300000, 0x000000073fc80000, 0x00000007c0000000)
  eden space 195072K, 99% used [0x000000072e300000,0x000000073a0f11d8,0x000000073a180000)
  from space 35840K, 98% used [0x000000073c900000,0x000000073eb71330,0x000000073ec00000)
  to   space 40448K, 0% used [0x000000073a180000,0x000000073a180000,0x000000073c900000)
 ParOldGen       total 115200K, used 71912K [0x000000060a800000, 0x0000000611880000, 0x000000072e300000)
  object space 115200K, 62% used [0x000000060a800000,0x000000060ee3a138,0x0000000611880000)
 Metaspace       used 18833K, capacity 19100K, committed 19456K, reserved 1067008K
  class space    used 1905K, capacity 1977K, committed 2048K, reserved 1048576K
Event: 5.727 GC heap after
Heap after GC invocations=8 (full 1):
 PSYoungGen      total 235520K, used 40420K [0x000000072e300000, 0x000000074a200000, 0x00000007c0000000)
  eden space 195072K, 0% used [0x000000072e300000,0x000000072e300000,0x000000073a180000)
  from space 40448K, 99% used [0x000000073a180000,0x000000073c8f9340,0x000000073c900000)
  to   space 57344K, 0% used [0x0000000746a00000,0x0000000746a00000,0x000000074a200000)
 ParOldGen       total 115200K, used 94112K [0x000000060a800000, 0x0000000611880000, 0x000000072e300000)
  object space 115200K, 81% used [0x000000060a800000,0x00000006103e8208,0x0000000611880000)
 Metaspace       used 18833K, capacity 19100K, committed 19456K, reserved 1067008K
  class space    used 1905K, capacity 1977K, committed 2048K, reserved 1048576K
}
Event: 5.727 GC heap before
{Heap before GC invocations=9 (full 2):
 PSYoungGen      total 235520K, used 40420K [0x000000072e300000, 0x000000074a200000, 0x00000007c0000000)
  eden space 195072K, 0% used [0x000000072e300000,0x000000072e300000,0x000000073a180000)
  from space 40448K, 99% used [0x000000073a180000,0x000000073c8f9340,0x000000073c900000)
  to   space 57344K, 0% used [0x0000000746a00000,0x0000000746a00000,0x000000074a200000)
 ParOldGen       total 115200K, used 94112K [0x000000060a800000, 0x0000000611880000, 0x000000072e300000)
  object space 115200K, 81% used [0x000000060a800000,0x00000006103e8208,0x0000000611880000)
 Metaspace       used 18833K, capacity 19100K, committed 19456K, reserved 1067008K
  class space    used 1905K, capacity 1977K, committed 2048K, reserved 1048576K
Event: 6.182 GC heap after
Heap after GC invocations=9 (full 2):
 PSYoungGen      total 235520K, used 995K [0x000000072e300000, 0x000000074a200000, 0x00000007c0000000)
  eden space 195072K, 0% used [0x000000072e300000,0x000000072e300000,0x000000073a180000)
  from space 40448K, 2% used [0x000000073a180000,0x000000073a278c50,0x000000073c900000)
  to   space 57344K, 0% used [0x0000000746a00000,0x0000000746a00000,0x000000074a200000)
 ParOldGen       total 215552K, used 114900K [0x000000060a800000, 0x0000000617a80000, 0x000000072e300000)
  object space 215552K, 53% used [0x000000060a800000,0x00000006118350d0,0x0000000617a80000)
 Metaspace       used 18833K, capacity 19100K, committed 19456K, reserved 1067008K
  class space    used 1905K, capacity 1977K, committed 2048K, reserved 1048576K
}
Event: 6.637 GC heap before
{Heap before GC invocations=10 (full 2):
 PSYoungGen      total 235520K, used 196024K [0x000000072e300000, 0x000000074a200000, 0x00000007c0000000)
  eden space 195072K, 99% used [0x000000072e300000,0x000000073a1754b8,0x000000073a180000)
  from space 40448K, 2% used [0x000000073a180000,0x000000073a278c50,0x000000073c900000)
  to   space 57344K, 0% used [0x0000000746a00000,0x0000000746a00000,0x000000074a200000)
 ParOldGen       total 215552K, used 114900K [0x000000060a800000, 0x0000000617a80000, 0x000000072e300000)
  object space 215552K, 53% used [0x000000060a800000,0x00000006118350d0,0x0000000617a80000)
 Metaspace       used 18844K, capacity 19100K, committed 19456K, reserved 1067008K
  class space    used 1905K, capacity 1977K, committed 2048K, reserved 1048576K
Event: 6.818 GC heap after
Heap after GC invocations=10 (full 2):
 PSYoungGen      total 349184K, used 45649K [0x000000072e300000, 0x0000000749700000, 0x00000007c0000000)
  eden space 303104K, 0% used [0x000000072e300000,0x000000072e300000,0x0000000740b00000)
  from space 46080K, 99% used [0x0000000746a00000,0x00000007496945f8,0x0000000749700000)
  to   space 60928K, 0% used [0x0000000742000000,0x0000000742000000,0x0000000745b80000)
 ParOldGen       total 215552K, used 114908K [0x000000060a800000, 0x0000000617a80000, 0x000000072e300000)
  object space 215552K, 53% used [0x000000060a800000,0x00000006118370d0,0x0000000617a80000)
 Metaspace       used 18844K, capacity 19100K, committed 19456K, reserved 1067008K
  class space    used 1905K, capacity 1977K, committed 2048K, reserved 1048576K
}
Event: 7.627 GC heap before
{Heap before GC invocations=11 (full 2):
 PSYoungGen      total 349184K, used 348753K [0x000000072e300000, 0x0000000749700000, 0x00000007c0000000)
  eden space 303104K, 100% used [0x000000072e300000,0x0000000740b00000,0x0000000740b00000)
  from space 46080K, 99% used [0x0000000746a00000,0x00000007496945f8,0x0000000749700000)
  to   space 60928K, 0% used [0x0000000742000000,0x0000000742000000,0x0000000745b80000)
 ParOldGen       total 215552K, used 114908K [0x000000060a800000, 0x0000000617a80000, 0x000000072e300000)
  object space 215552K, 53% used [0x000000060a800000,0x00000006118370d0,0x0000000617a80000)
 Metaspace       used 19496K, capacity 19708K, committed 20096K, reserved 1067008K
  class space    used 1997K, capacity 2073K, committed 2176K, reserved 1048576K
Event: 7.907 GC heap after
Heap after GC invocations=11 (full 2):
 PSYoungGen      total 385536K, used 60906K [0x000000072e300000, 0x0000000750780000, 0x00000007c0000000)
  eden space 324608K, 0% used [0x000000072e300000,0x000000072e300000,0x0000000742000000)
  from space 60928K, 99% used [0x0000000742000000,0x0000000745b7a8d0,0x0000000745b80000)
  to   space 75264K, 0% used [0x000000074be00000,0x000000074be00000,0x0000000750780000)
 ParOldGen       total 215552K, used 129580K [0x000000060a800000, 0x0000000617a80000, 0x000000072e300000)
  object space 215552K, 60% used [0x000000060a800000,0x000000061268b180,0x0000000617a80000)
 Metaspace       used 19496K, capacity 19708K, committed 20096K, reserved 1067008K
  class space    used 1997K, capacity 2073K, committed 2176K, reserved 1048576K
}
Event: 8.651 GC heap before
{Heap before GC invocations=12 (full 2):
 PSYoungGen      total 385536K, used 384234K [0x000000072e300000, 0x0000000750780000, 0x00000007c0000000)
  eden space 324608K, 99% used [0x000000072e300000,0x0000000741ec00e0,0x0000000742000000)
  from space 60928K, 99% used [0x0000000742000000,0x0000000745b7a8d0,0x0000000745b80000)
  to   space 75264K, 0% used [0x000000074be00000,0x000000074be00000,0x0000000750780000)
 ParOldGen       total 215552K, used 129580K [0x000000060a800000, 0x0000000617a80000, 0x000000072e300000)
  object space 215552K, 60% used [0x000000060a800000,0x000000061268b180,0x0000000617a80000)
 Metaspace       used 19539K, capacity 19772K, committed 20096K, reserved 1067008K
  class space    used 2000K, capacity 2073K, committed 2176K, reserved 1048576K
Event: 8.842 GC heap after
Heap after GC invocations=12 (full 2):
 PSYoungGen      total 472576K, used 75259K [0x000000072e300000, 0x0000000754080000, 0x00000007c0000000)
  eden space 397312K, 0% used [0x000000072e300000,0x000000072e300000,0x0000000746700000)
  from space 75264K, 99% used [0x000000074be00000,0x000000075077ee78,0x0000000750780000)
  to   space 89088K, 0% used [0x0000000746700000,0x0000000746700000,0x000000074be00000)
 ParOldGen       total 215552K, used 138013K [0x000000060a800000, 0x0000000617a80000, 0x000000072e300000)
  object space 215552K, 64% used [0x000000060a800000,0x0000000612ec7650,0x0000000617a80000)
 Metaspace       used 19539K, capacity 19772K, committed 20096K, reserved 1067008K
  class space    used 2000K, capacity 2073K, committed 2176K, reserved 1048576K
}
Event: 9.802 GC heap before
{Heap before GC invocations=13 (full 2):
 PSYoungGen      total 472576K, used 472571K [0x000000072e300000, 0x0000000754080000, 0x00000007c0000000)
  eden space 397312K, 100% used [0x000000072e300000,0x0000000746700000,0x0000000746700000)
  from space 75264K, 99% used [0x000000074be00000,0x000000075077ee78,0x0000000750780000)
  to   space 89088K, 0% used [0x0000000746700000,0x0000000746700000,0x000000074be00000)
 ParOldGen       total 215552K, used 138013K [0x000000060a800000, 0x0000000617a80000, 0x000000072e300000)
  object space 215552K, 64% used [0x000000060a800000,0x0000000612ec7650,0x0000000617a80000)
 Metaspace       used 19557K, capacity 19780K, committed 20096K, reserved 1067008K
  class space    used 2001K, capacity 2073K, committed 2176K, reserved 1048576K
Event: 10.043 GC heap after
Heap after GC invocations=13 (full 2):
 PSYoungGen      total 486400K, used 82793K [0x000000072e300000, 0x000000075b600000, 0x00000007c0000000)
  eden space 397312K, 0% used [0x000000072e300000,0x000000072e300000,0x0000000746700000)
  from space 89088K, 92% used [0x0000000746700000,0x000000074b7da628,0x000000074be00000)
  to   space 99328K, 0% used [0x0000000755500000,0x0000000755500000,0x000000075b600000)
 ParOldGen       total 215552K, used 150785K [0x000000060a800000, 0x0000000617a80000, 0x000000072e300000)
  object space 215552K, 69% used [0x000000060a800000,0x0000000613b405e0,0x0000000617a80000)
 Metaspace       used 19557K, capacity 19780K, committed 20096K, reserved 1067008K
  class space    used 2001K, capacity 2073K, committed 2176K, reserved 1048576K
}
Event: 11.317 GC heap before
{Heap before GC invocations=14 (full 2):
 PSYoungGen      total 486400K, used 480105K [0x000000072e300000, 0x000000075b600000, 0x00000007c0000000)
  eden space 397312K, 100% used [0x000000072e300000,0x0000000746700000,0x0000000746700000)
  from space 89088K, 92% used [0x0000000746700000,0x000000074b7da628,0x000000074be00000)
  to   space 99328K, 0% used [0x0000000755500000,0x0000000755500000,0x000000075b600000)
 ParOldGen       total 215552K, used 150785K [0x000000060a800000, 0x0000000617a80000, 0x000000072e300000)
  object space 215552K, 69% used [0x000000060a800000,0x0000000613b405e0,0x0000000617a80000)
 Metaspace       used 22103K, capacity 22404K, committed 22784K, reserved 1069056K
  class space    used 2469K, capacity 2559K, committed 2560K, reserved 1048576K
Event: 11.599 GC heap after
Heap after GC invocations=14 (full 2):
 PSYoungGen      total 634880K, used 76098K [0x000000072e300000, 0x000000075c180000, 0x00000007c0000000)
  eden space 535552K, 0% used [0x000000072e300000,0x000000072e300000,0x000000074ee00000)
  from space 99328K, 76% used [0x0000000755500000,0x0000000759f50b78,0x000000075b600000)
  to   space 105472K, 0% used [0x000000074ee00000,0x000000074ee00000,0x0000000755500000)
 ParOldGen       total 215552K, used 160677K [0x000000060a800000, 0x0000000617a80000, 0x000000072e300000)
  object space 215552K, 74% used [0x000000060a800000,0x00000006144e9610,0x0000000617a80000)
 Metaspace       used 22103K, capacity 22404K, committed 22784K, reserved 1069056K
  class space    used 2469K, capacity 2559K, committed 2560K, reserved 1048576K
}
Event: 13.103 GC heap before
{Heap before GC invocations=15 (full 2):
 PSYoungGen      total 634880K, used 610377K [0x000000072e300000, 0x000000075c180000, 0x00000007c0000000)
  eden space 535552K, 99% used [0x000000072e300000,0x000000074ecc1b20,0x000000074ee00000)
  from space 99328K, 76% used [0x0000000755500000,0x0000000759f50b78,0x000000075b600000)
  to   space 105472K, 0% used [0x000000074ee00000,0x000000074ee00000,0x0000000755500000)
 ParOldGen       total 215552K, used 160677K [0x000000060a800000, 0x0000000617a80000, 0x000000072e300000)
  object space 215552K, 74% used [0x000000060a800000,0x00000006144e9610,0x0000000617a80000)
 Metaspace       used 23978K, capacity 24286K, committed 24704K, reserved 1071104K
  class space    used 2813K, capacity 2924K, committed 2944K, reserved 1048576K
Event: 13.476 GC heap after
Heap after GC invocations=15 (full 2):
 PSYoungGen      total 641024K, used 105447K [0x000000072e300000, 0x0000000769f80000, 0x00000007c0000000)
  eden space 535552K, 0% used [0x000000072e300000,0x000000072e300000,0x000000074ee00000)
  from space 105472K, 99% used [0x000000074ee00000,0x00000007554f9dd8,0x0000000755500000)
  to   space 124416K, 0% used [0x0000000762600000,0x0000000762600000,0x0000000769f80000)
 ParOldGen       total 215552K, used 170469K [0x000000060a800000, 0x0000000617a80000, 0x000000072e300000)
  object space 215552K, 79% used [0x000000060a800000,0x0000000614e795d0,0x0000000617a80000)
 Metaspace       used 23978K, capacity 24286K, committed 24704K, reserved 1071104K
  class space    used 2813K, capacity 2924K, committed 2944K, reserved 1048576K
}
Event: 14.627 GC heap before
{Heap before GC invocations=16 (full 2):
 PSYoungGen      total 641024K, used 640999K [0x000000072e300000, 0x0000000769f80000, 0x00000007c0000000)
  eden space 535552K, 100% used [0x000000072e300000,0x000000074ee00000,0x000000074ee00000)
  from space 105472K, 99% used [0x000000074ee00000,0x00000007554f9dd8,0x0000000755500000)
  to   space 124416K, 0% used [0x0000000762600000,0x0000000762600000,0x0000000769f80000)
 ParOldGen       total 215552K, used 170469K [0x000000060a800000, 0x0000000617a80000, 0x000000072e300000)
  object space 215552K, 79% used [0x000000060a800000,0x0000000614e795d0,0x0000000617a80000)
 Metaspace       used 24104K, capacity 24414K, committed 24704K, reserved 1071104K
  class space    used 2813K, capacity 2924K, committed 2944K, reserved 1048576K
Event: 15.322 GC heap after
Heap after GC invocations=16 (full 2):
 PSYoungGen      total 840704K, used 113051K [0x000000072e300000, 0x000000076cb80000, 0x00000007c0000000)
  eden space 716288K, 0% used [0x000000072e300000,0x000000072e300000,0x0000000759e80000)
  from space 124416K, 90% used [0x0000000762600000,0x0000000769466ef8,0x0000000769f80000)
  to   space 138752K, 0% used [0x0000000759e80000,0x0000000759e80000,0x0000000762600000)
 ParOldGen       total 215552K, used 201589K [0x000000060a800000, 0x0000000617a80000, 0x000000072e300000)
  object space 215552K, 93% used [0x000000060a800000,0x0000000616cdd640,0x0000000617a80000)
 Metaspace       used 24104K, capacity 24414K, committed 24704K, reserved 1071104K
  class space    used 2813K, capacity 2924K, committed 2944K, reserved 1048576K
}
Event: 15.322 GC heap before
{Heap before GC invocations=17 (full 3):
 PSYoungGen      total 840704K, used 113051K [0x000000072e300000, 0x000000076cb80000, 0x00000007c0000000)
  eden space 716288K, 0% used [0x000000072e300000,0x000000072e300000,0x0000000759e80000)
  from space 124416K, 90% used [0x0000000762600000,0x0000000769466ef8,0x0000000769f80000)
  to   space 138752K, 0% used [0x0000000759e80000,0x0000000759e80000,0x0000000762600000)
 ParOldGen       total 215552K, used 201589K [0x000000060a800000, 0x0000000617a80000, 0x000000072e300000)
  object space 215552K, 93% used [0x000000060a800000,0x0000000616cdd640,0x0000000617a80000)
 Metaspace       used 24104K, capacity 24414K, committed 24704K, reserved 1071104K
  class space    used 2813K, capacity 2924K, committed 2944K, reserved 1048576K
Event: 15.830 GC heap after
Heap after GC invocations=17 (full 3):
 PSYoungGen      total 840704K, used 0K [0x000000072e300000, 0x000000076cb80000, 0x00000007c0000000)
  eden space 716288K, 0% used [0x000000072e300000,0x000000072e300000,0x0000000759e80000)
  from space 124416K, 0% used [0x0000000762600000,0x0000000762600000,0x0000000769f80000)
  to   space 138752K, 0% used [0x0000000759e80000,0x0000000759e80000,0x0000000762600000)
 ParOldGen       total 306688K, used 194073K [0x000000060a800000, 0x000000061d380000, 0x000000072e300000)
  object space 306688K, 63% used [0x000000060a800000,0x00000006165867a0,0x000000061d380000)
 Metaspace       used 24104K, capacity 24414K, committed 24704K, reserved 1071104K
  class space    used 2813K, capacity 2924K, committed 2944K, reserved 1048576K
}
Event: 17.614 GC heap before
{Heap before GC invocations=18 (full 3):
 PSYoungGen      total 840704K, used 716288K [0x000000072e300000, 0x000000076cb80000, 0x00000007c0000000)
  eden space 716288K, 100% used [0x000000072e300000,0x0000000759e80000,0x0000000759e80000)
  from space 124416K, 0% used [0x0000000762600000,0x0000000762600000,0x0000000769f80000)
  to   space 138752K, 0% used [0x0000000759e80000,0x0000000759e80000,0x0000000762600000)
 ParOldGen       total 306688K, used 194073K [0x000000060a800000, 0x000000061d380000, 0x000000072e300000)
  object space 306688K, 63% used [0x000000060a800000,0x00000006165867a0,0x000000061d380000)
 Metaspace       used 24182K, capacity 24484K, committed 24704K, reserved 1071104K
  class space    used 2814K, capacity 2925K, committed 2944K, reserved 1048576K
Event: 18.148 GC heap after
Heap after GC invocations=18 (full 3):
 PSYoungGen      total 855040K, used 138747K [0x000000072e300000, 0x0000000780680000, 0x00000007c0000000)
  eden space 716288K, 0% used [0x000000072e300000,0x000000072e300000,0x0000000759e80000)
  from space 138752K, 99% used [0x0000000759e80000,0x00000007625fef58,0x0000000762600000)
  to   space 166912K, 0% used [0x0000000776380000,0x0000000776380000,0x0000000780680000)
 ParOldGen       total 306688K, used 212545K [0x000000060a800000, 0x000000061d380000, 0x000000072e300000)
  object space 306688K, 69% used [0x000000060a800000,0x0000000617790488,0x000000061d380000)
 Metaspace       used 24182K, capacity 24484K, committed 24704K, reserved 1071104K
  class space    used 2814K, capacity 2925K, committed 2944K, reserved 1048576K
}
Event: 23.636 GC heap before
{Heap before GC invocations=19 (full 3):
 PSYoungGen      total 855040K, used 855035K [0x000000072e300000, 0x0000000780680000, 0x00000007c0000000)
  eden space 716288K, 100% used [0x000000072e300000,0x0000000759e80000,0x0000000759e80000)
  from space 138752K, 99% used [0x0000000759e80000,0x00000007625fef58,0x0000000762600000)
  to   space 166912K, 0% used [0x0000000776380000,0x0000000776380000,0x0000000780680000)
 ParOldGen       total 306688K, used 212545K [0x000000060a800000, 0x000000061d380000, 0x000000072e300000)
  object space 306688K, 69% used [0x000000060a800000,0x0000000617790488,0x000000061d380000)
 Metaspace       used 28718K, capacity 29046K, committed 29312K, reserved 1075200K
  class space    used 3360K, capacity 3454K, committed 3456K, reserved 1048576K
Event: 24.764 GC heap after
Heap after GC invocations=19 (full 3):
 PSYoungGen      total 1160192K, used 150850K [0x000000072e300000, 0x0000000782800000, 0x00000007c0000000)
  eden space 993280K, 0% used [0x000000072e300000,0x000000072e300000,0x000000076ad00000)
  from space 166912K, 90% used [0x0000000776380000,0x000000077f6d0a98,0x0000000780680000)
  to   space 186880K, 0% used [0x000000076ad00000,0x000000076ad00000,0x0000000776380000)
 ParOldGen       total 306688K, used 247745K [0x000000060a800000, 0x000000061d380000, 0x000000072e300000)
  object space 306688K, 80% used [0x000000060a800000,0x00000006199f0508,0x000000061d380000)
 Metaspace       used 28718K, capacity 29046K, committed 29312K, reserved 1075200K
  class space    used 3360K, capacity 3454K, committed 3456K, reserved 1048576K
}
Event: 26.054 GC heap before
{Heap before GC invocations=20 (full 3):
 PSYoungGen      total 1160192K, used 337801K [0x000000072e300000, 0x0000000782800000, 0x00000007c0000000)
  eden space 993280K, 18% used [0x000000072e300000,0x0000000739991d58,0x000000076ad00000)
  from space 166912K, 90% used [0x0000000776380000,0x000000077f6d0a98,0x0000000780680000)
  to   space 186880K, 0% used [0x000000076ad00000,0x000000076ad00000,0x0000000776380000)
 ParOldGen       total 306688K, used 247745K [0x000000060a800000, 0x000000061d380000, 0x000000072e300000)
  object space 306688K, 80% used [0x000000060a800000,0x00000006199f0508,0x000000061d380000)
 Metaspace       used 29043K, capacity 29398K, committed 29952K, reserved 1075200K
  class space    used 3380K, capacity 3486K, committed 3584K, reserved 1048576K
Event: 26.627 GC heap after
Heap after GC invocations=20 (full 3):
 PSYoungGen      total 1180160K, used 48015K [0x000000072e300000, 0x0000000781d00000, 0x00000007c0000000)
  eden space 993280K, 0% used [0x000000072e300000,0x000000072e300000,0x000000076ad00000)
  from space 186880K, 25% used [0x000000076ad00000,0x000000076dbe3c98,0x0000000776380000)
  to   space 181248K, 0% used [0x0000000776c00000,0x0000000776c00000,0x0000000781d00000)
 ParOldGen       total 329216K, used 329157K [0x000000060a800000, 0x000000061e980000, 0x000000072e300000)
  object space 329216K, 99% used [0x000000060a800000,0x000000061e971700,0x000000061e980000)
 Metaspace       used 29043K, capacity 29398K, committed 29952K, reserved 1075200K
  class space    used 3380K, capacity 3486K, committed 3584K, reserved 1048576K
}
Event: 26.627 GC heap before
{Heap before GC invocations=21 (full 4):
 PSYoungGen      total 1180160K, used 48015K [0x000000072e300000, 0x0000000781d00000, 0x00000007c0000000)
  eden space 993280K, 0% used [0x000000072e300000,0x000000072e300000,0x000000076ad00000)
  from space 186880K, 25% used [0x000000076ad00000,0x000000076dbe3c98,0x0000000776380000)
  to   space 181248K, 0% used [0x0000000776c00000,0x0000000776c00000,0x0000000781d00000)
 ParOldGen       total 329216K, used 329157K [0x000000060a800000, 0x000000061e980000, 0x000000072e300000)
  object space 329216K, 99% used [0x000000060a800000,0x000000061e971700,0x000000061e980000)
 Metaspace       used 29043K, capacity 29398K, committed 29952K, reserved 1075200K
  class space    used 3380K, capacity 3486K, committed 3584K, reserved 1048576K
Event: 27.351 GC heap after
Heap after GC invocations=21 (full 4):
 PSYoungGen      total 1180160K, used 0K [0x000000072e300000, 0x0000000781d00000, 0x00000007c0000000)
  eden space 993280K, 0% used [0x000000072e300000,0x000000072e300000,0x000000076ad00000)
  from space 186880K, 0% used [0x000000076ad00000,0x000000076ad00000,0x0000000776380000)
  to   space 181248K, 0% used [0x0000000776c00000,0x0000000776c00000,0x0000000781d00000)
 ParOldGen       total 329216K, used 190588K [0x000000060a800000, 0x000000061e980000, 0x000000072e300000)
  object space 329216K, 57% used [0x000000060a800000,0x000000061621f0a8,0x000000061e980000)
 Metaspace       used 29043K, capacity 29398K, committed 29952K, reserved 1075200K
  class space    used 3380K, capacity 3486K, committed 3584K, reserved 1048576K
}
Event: 27.388 GC heap before
{Heap before GC invocations=22 (full 4):
 PSYoungGen      total 1180160K, used 23094K [0x000000072e300000, 0x0000000781d00000, 0x00000007c0000000)
  eden space 993280K, 2% used [0x000000072e300000,0x000000072f98d8b0,0x000000076ad00000)
  from space 186880K, 0% used [0x000000076ad00000,0x000000076ad00000,0x0000000776380000)
  to   space 181248K, 0% used [0x0000000776c00000,0x0000000776c00000,0x0000000781d00000)
 ParOldGen       total 329216K, used 190588K [0x000000060a800000, 0x000000061e980000, 0x000000072e300000)
  object space 329216K, 57% used [0x000000060a800000,0x000000061621f0a8,0x000000061e980000)
 Metaspace       used 29054K, capacity 29418K, committed 29952K, reserved 1075200K
  class space    used 3383K, capacity 3492K, committed 3584K, reserved 1048576K
Event: 27.390 GC heap after
Heap after GC invocations=22 (full 4):
 PSYoungGen      total 1186816K, used 96K [0x000000072e300000, 0x0000000782100000, 0x00000007c0000000)
  eden space 1005568K, 0% used [0x000000072e300000,0x000000072e300000,0x000000076b900000)
  from space 181248K, 0% used [0x0000000776c00000,0x0000000776c18000,0x0000000781d00000)
  to   space 183296K, 0% used [0x000000076b900000,0x000000076b900000,0x0000000776c00000)
 ParOldGen       total 329216K, used 190596K [0x000000060a800000, 0x000000061e980000, 0x000000072e300000)
  object space 329216K, 57% used [0x000000060a800000,0x00000006162210a8,0x000000061e980000)
 Metaspace       used 29054K, capacity 29418K, committed 29952K, reserved 1075200K
  class space    used 3383K, capacity 3492K, committed 3584K, reserved 1048576K
}
Event: 27.390 GC heap before
{Heap before GC invocations=23 (full 5):
 PSYoungGen      total 1186816K, used 96K [0x000000072e300000, 0x0000000782100000, 0x00000007c0000000)
  eden space 1005568K, 0% used [0x000000072e300000,0x000000072e300000,0x000000076b900000)
  from space 181248K, 0% used [0x0000000776c00000,0x0000000776c18000,0x0000000781d00000)
  to   space 183296K, 0% used [0x000000076b900000,0x000000076b900000,0x0000000776c00000)
 ParOldGen       total 329216K, used 190596K [0x000000060a800000, 0x000000061e980000, 0x000000072e300000)
  object space 329216K, 57% used [0x000000060a800000,0x00000006162210a8,0x000000061e980000)
 Metaspace       used 29054K, capacity 29418K, committed 29952K, reserved 1075200K
  class space    used 3383K, capacity 3492K, committed 3584K, reserved 1048576K
Event: 27.746 GC heap after
Heap after GC invocations=23 (full 5):
 PSYoungGen      total 1186816K, used 0K [0x000000072e300000, 0x0000000782100000, 0x00000007c0000000)
  eden space 1005568K, 0% used [0x000000072e300000,0x000000072e300000,0x000000076b900000)
  from space 181248K, 0% used [0x0000000776c00000,0x0000000776c00000,0x0000000781d00000)
  to   space 183296K, 0% used [0x000000076b900000,0x000000076b900000,0x0000000776c00000)
 ParOldGen       total 329216K, used 150720K [0x000000060a800000, 0x000000061e980000, 0x000000072e300000)
  object space 329216K, 45% used [0x000000060a800000,0x0000000613b300d8,0x000000061e980000)
 Metaspace       used 29054K, capacity 29418K, committed 29952K, reserved 1075200K
  class space    used 3383K, capacity 3492K, committed 3584K, reserved 1048576K
}
Event: 77.085 GC heap before
{Heap before GC invocations=24 (full 5):
 PSYoungGen      total 1186816K, used 1005568K [0x000000072e300000, 0x0000000782100000, 0x00000007c0000000)
  eden space 1005568K, 100% used [0x000000072e300000,0x000000076b900000,0x000000076b900000)
  from space 181248K, 0% used [0x0000000776c00000,0x0000000776c00000,0x0000000781d00000)
  to   space 183296K, 0% used [0x000000076b900000,0x000000076b900000,0x0000000776c00000)
 ParOldGen       total 329216K, used 150720K [0x000000060a800000, 0x000000061e980000, 0x000000072e300000)
  object space 329216K, 45% used [0x000000060a800000,0x0000000613b300d8,0x000000061e980000)
 Metaspace       used 35548K, capacity 36054K, committed 36480K, reserved 1081344K
  class space    used 4054K, capacity 4200K, committed 4224K, reserved 1048576K

