# JRE version: OpenJDK Runtime Environment (8.0_172-b11) (build 1.8.0_172-b11)
# Java VM: OpenJDK 64-Bit Server VM (25.172-b11 mixed mode linux-amd64 compressed oops)
Heap:
 PSYoungGen      total 1077248K, used 170473K [0x000000072e300000, 0x000000077ce00000, 0x00000007c0000000)
  eden space 906752K, 0% used [0x000000072e300000,0x000000072e300000,0x0000000765880000)
  from space 170496K, 99% used [0x0000000765880000,0x000000076fefa4a0,0x000000076ff00000)
  to   space 150528K, 0% used [0x000000076ff00000,0x000000076ff00000,0x0000000779200000)
 ParOldGen       total 322048K, used 239521K [0x000000060a800000, 0x000000061e280000, 0x000000072e300000)
  object space 322048K, 74% used [0x000000060a800000,0x00000006191e8648,0x000000061e280000)
 Metaspace       used 28670K, capacity 28982K, committed 29312K, reserved 1075200K
  class space    used 3361K, capacity 3454K, committed 3456K, reserved 1048576K
GC Heap History (35 events):
Event: 0.458 GC heap before
{Heap before GC invocations=1 (full 0):
 PSYoungGen      total 36864K, used 31407K [0x000000072e300000, 0x0000000730c00000, 0x00000007c0000000)
  eden space 31744K, 98% used [0x000000072e300000,0x00000007301abdd0,0x0000000730200000)
  from space 5120K, 0% used [0x0000000730700000,0x0000000730700000,0x0000000730c00000)
  to   space 5120K, 0% used [0x0000000730200000,0x0000000730200000,0x0000000730700000)
 ParOldGen       total 84992K, used 0K [0x000000060a800000, 0x000000060fb00000, 0x000000072e300000)
  object space 84992K, 0% used [0x000000060a800000,0x000000060a800000,0x000000060fb00000)
 Metaspace       used 2884K, capacity 4480K, committed 4480K, reserved 1056768K
  class space    used 269K, capacity 384K, committed 384K, reserved 1048576K
Event: 0.499 GC heap after
Heap after GC invocations=1 (full 0):
 PSYoungGen      total 36864K, used 5096K [0x000000072e300000, 0x0000000732b00000, 0x00000007c0000000)
  eden space 31744K, 0% used [0x000000072e300000,0x000000072e300000,0x0000000730200000)
  from space 5120K, 99% used [0x0000000730200000,0x00000007306fa158,0x0000000730700000)
  to   space 5120K, 0% used [0x0000000732600000,0x0000000732600000,0x0000000732b00000)
 ParOldGen       total 84992K, used 13049K [0x000000060a800000, 0x000000060fb00000, 0x000000072e300000)
  object space 84992K, 15% used [0x000000060a800000,0x000000060b4be558,0x000000060fb00000)
 Metaspace       used 2884K, capacity 4480K, committed 4480K, reserved 1056768K
  class space    used 269K, capacity 384K, committed 384K, reserved 1048576K
}
Event: 0.749 GC heap before
{Heap before GC invocations=2 (full 0):
 PSYoungGen      total 36864K, used 36840K [0x000000072e300000, 0x0000000732b00000, 0x00000007c0000000)
  eden space 31744K, 100% used [0x000000072e300000,0x0000000730200000,0x0000000730200000)
  from space 5120K, 99% used [0x0000000730200000,0x00000007306fa158,0x0000000730700000)
  to   space 5120K, 0% used [0x0000000732600000,0x0000000732600000,0x0000000732b00000)
 ParOldGen       total 84992K, used 13049K [0x000000060a800000, 0x000000060fb00000, 0x000000072e300000)
  object space 84992K, 15% used [0x000000060a800000,0x000000060b4be558,0x000000060fb00000)
 Metaspace       used 4359K, capacity 4520K, committed 4608K, reserved 1056768K
  class space    used 406K, capacity 424K, committed 512K, reserved 1048576K
Event: 0.771 GC heap after
Heap after GC invocations=2 (full 0):
 PSYoungGen      total 68608K, used 5106K [0x000000072e300000, 0x0000000732b00000, 0x00000007c0000000)
  eden space 63488K, 0% used [0x000000072e300000,0x000000072e300000,0x0000000732100000)
  from space 5120K, 99% used [0x0000000732600000,0x0000000732afc8c0,0x0000000732b00000)
  to   space 5120K, 0% used [0x0000000732100000,0x0000000732100000,0x0000000732600000)
 ParOldGen       total 84992K, used 26158K [0x000000060a800000, 0x000000060fb00000, 0x000000072e300000)
  object space 84992K, 30% used [0x000000060a800000,0x000000060c18bad0,0x000000060fb00000)
 Metaspace       used 4359K, capacity 4520K, committed 4608K, reserved 1056768K
  class space    used 406K, capacity 424K, committed 512K, reserved 1048576K
}
Event: 2.247 GC heap before
{Heap before GC invocations=3 (full 0):
 PSYoungGen      total 68608K, used 68594K [0x000000072e300000, 0x0000000732b00000, 0x00000007c0000000)
  eden space 63488K, 100% used [0x000000072e300000,0x0000000732100000,0x0000000732100000)
  from space 5120K, 99% used [0x0000000732600000,0x0000000732afc8c0,0x0000000732b00000)
  to   space 5120K, 0% used [0x0000000732100000,0x0000000732100000,0x0000000732600000)
 ParOldGen       total 84992K, used 26158K [0x000000060a800000, 0x000000060fb00000, 0x000000072e300000)
  object space 84992K, 30% used [0x000000060a800000,0x000000060c18bad0,0x000000060fb00000)
 Metaspace       used 10854K, capacity 11052K, committed 11136K, reserved 1058816K
  class space    used 1073K, capacity 1150K, committed 1152K, reserved 1048576K
Event: 2.287 GC heap after
Heap after GC invocations=3 (full 0):
 PSYoungGen      total 68608K, used 5104K [0x000000072e300000, 0x0000000736900000, 0x00000007c0000000)
  eden space 63488K, 0% used [0x000000072e300000,0x000000072e300000,0x0000000732100000)
  from space 5120K, 99% used [0x0000000732100000,0x00000007325fc050,0x0000000732600000)
  to   space 5120K, 0% used [0x0000000736400000,0x0000000736400000,0x0000000736900000)
 ParOldGen       total 84992K, used 35186K [0x000000060a800000, 0x000000060fb00000, 0x000000072e300000)
  object space 84992K, 41% used [0x000000060a800000,0x000000060ca5c940,0x000000060fb00000)
 Metaspace       used 10854K, capacity 11052K, committed 11136K, reserved 1058816K
  class space    used 1073K, capacity 1150K, committed 1152K, reserved 1048576K
}
Event: 3.956 GC heap before
{Heap before GC invocations=4 (full 0):
 PSYoungGen      total 68608K, used 68592K [0x000000072e300000, 0x0000000736900000, 0x00000007c0000000)
  eden space 63488K, 100% used [0x000000072e300000,0x0000000732100000,0x0000000732100000)
  from space 5120K, 99% used [0x0000000732100000,0x00000007325fc050,0x0000000732600000)
  to   space 5120K, 0% used [0x0000000736400000,0x0000000736400000,0x0000000736900000)
 ParOldGen       total 84992K, used 35186K [0x000000060a800000, 0x000000060fb00000, 0x000000072e300000)
  object space 84992K, 41% used [0x000000060a800000,0x000000060ca5c940,0x000000060fb00000)
 Metaspace       used 18266K, capacity 18512K, committed 18816K, reserved 1067008K
  class space    used 1849K, capacity 1911K, committed 1920K, reserved 1048576K
Event: 3.991 GC heap after
Heap after GC invocations=4 (full 0):
 PSYoungGen      total 132096K, used 5104K [0x000000072e300000, 0x0000000736900000, 0x00000007c0000000)
  eden space 126976K, 0% used [0x000000072e300000,0x000000072e300000,0x0000000735f00000)
  from space 5120K, 99% used [0x0000000736400000,0x00000007368fc070,0x0000000736900000)
  to   space 5120K, 0% used [0x0000000735f00000,0x0000000735f00000,0x0000000736400000)
 ParOldGen       total 84992K, used 58039K [0x000000060a800000, 0x000000060fb00000, 0x000000072e300000)
  object space 84992K, 68% used [0x000000060a800000,0x000000060e0ade28,0x000000060fb00000)
 Metaspace       used 18266K, capacity 18512K, committed 18816K, reserved 1067008K
  class space    used 1849K, capacity 1911K, committed 1920K, reserved 1048576K
}
Event: 4.564 GC heap before
{Heap before GC invocations=5 (full 0):
 PSYoungGen      total 132096K, used 132080K [0x000000072e300000, 0x0000000736900000, 0x00000007c0000000)
  eden space 126976K, 100% used [0x000000072e300000,0x0000000735f00000,0x0000000735f00000)
  from space 5120K, 99% used [0x0000000736400000,0x00000007368fc070,0x0000000736900000)
  to   space 5120K, 0% used [0x0000000735f00000,0x0000000735f00000,0x0000000736400000)
 ParOldGen       total 84992K, used 58039K [0x000000060a800000, 0x000000060fb00000, 0x000000072e300000)
  object space 84992K, 68% used [0x000000060a800000,0x000000060e0ade28,0x000000060fb00000)
 Metaspace       used 18788K, capacity 19030K, committed 19456K, reserved 1067008K
  class space    used 1901K, capacity 1976K, committed 2048K, reserved 1048576K
Event: 4.650 GC heap after
Heap after GC invocations=5 (full 0):
 PSYoungGen      total 132096K, used 5105K [0x000000072e300000, 0x0000000742b00000, 0x00000007c0000000)
  eden space 126976K, 0% used [0x000000072e300000,0x000000072e300000,0x0000000735f00000)
  from space 5120K, 99% used [0x0000000735f00000,0x00000007363fc4f0,0x0000000736400000)
  to   space 40960K, 0% used [0x0000000740300000,0x0000000740300000,0x0000000742b00000)
 ParOldGen       total 94208K, used 94057K [0x000000060a800000, 0x0000000610400000, 0x000000072e300000)
  object space 94208K, 99% used [0x000000060a800000,0x00000006103da430,0x0000000610400000)
 Metaspace       used 18788K, capacity 19030K, committed 19456K, reserved 1067008K
  class space    used 1901K, capacity 1976K, committed 2048K, reserved 1048576K
}
Event: 4.650 GC heap before
{Heap before GC invocations=6 (full 1):
 PSYoungGen      total 132096K, used 5105K [0x000000072e300000, 0x0000000742b00000, 0x00000007c0000000)
  eden space 126976K, 0% used [0x000000072e300000,0x000000072e300000,0x0000000735f00000)
  from space 5120K, 99% used [0x0000000735f00000,0x00000007363fc4f0,0x0000000736400000)
  to   space 40960K, 0% used [0x0000000740300000,0x0000000740300000,0x0000000742b00000)
 ParOldGen       total 94208K, used 94057K [0x000000060a800000, 0x0000000610400000, 0x000000072e300000)
  object space 94208K, 99% used [0x000000060a800000,0x00000006103da430,0x0000000610400000)
 Metaspace       used 18788K, capacity 19030K, committed 19456K, reserved 1067008K
  class space    used 1901K, capacity 1976K, committed 2048K, reserved 1048576K
Event: 4.873 GC heap after
Heap after GC invocations=6 (full 1):
 PSYoungGen      total 132096K, used 0K [0x000000072e300000, 0x0000000742b00000, 0x00000007c0000000)
  eden space 126976K, 0% used [0x000000072e300000,0x000000072e300000,0x0000000735f00000)
  from space 5120K, 0% used [0x0000000735f00000,0x0000000735f00000,0x0000000736400000)
  to   space 40960K, 0% used [0x0000000740300000,0x0000000740300000,0x0000000742b00000)
 ParOldGen       total 144384K, used 64460K [0x000000060a800000, 0x0000000613500000, 0x000000072e300000)
  object space 144384K, 44% used [0x000000060a800000,0x000000060e6f3118,0x0000000613500000)
 Metaspace       used 18788K, capacity 19030K, committed 19456K, reserved 1067008K
  class space    used 1901K, capacity 1976K, committed 2048K, reserved 1048576K
}
Event: 5.159 GC heap before
{Heap before GC invocations=7 (full 1):
 PSYoungGen      total 132096K, used 126976K [0x000000072e300000, 0x0000000742b00000, 0x00000007c0000000)
  eden space 126976K, 100% used [0x000000072e300000,0x0000000735f00000,0x0000000735f00000)
  from space 5120K, 0% used [0x0000000735f00000,0x0000000735f00000,0x0000000736400000)
  to   space 40960K, 0% used [0x0000000740300000,0x0000000740300000,0x0000000742b00000)
 ParOldGen       total 144384K, used 64460K [0x000000060a800000, 0x0000000613500000, 0x000000072e300000)
  object space 144384K, 44% used [0x000000060a800000,0x000000060e6f3118,0x0000000613500000)
 Metaspace       used 18789K, capacity 19030K, committed 19456K, reserved 1067008K
  class space    used 1901K, capacity 1976K, committed 2048K, reserved 1048576K
Event: 5.210 GC heap after
Heap after GC invocations=7 (full 1):
 PSYoungGen      total 240640K, used 33389K [0x000000072e300000, 0x0000000742400000, 0x00000007c0000000)
  eden space 206848K, 0% used [0x000000072e300000,0x000000072e300000,0x000000073ad00000)
  from space 33792K, 98% used [0x0000000740300000,0x000000074239b678,0x0000000742400000)
  to   space 43520K, 0% used [0x000000073cf00000,0x000000073cf00000,0x000000073f980000)
 ParOldGen       total 144384K, used 64468K [0x000000060a800000, 0x0000000613500000, 0x000000072e300000)
  object space 144384K, 44% used [0x000000060a800000,0x000000060e6f5118,0x0000000613500000)
 Metaspace       used 18789K, capacity 19030K, committed 19456K, reserved 1067008K
  class space    used 1901K, capacity 1976K, committed 2048K, reserved 1048576K
}
Event: 5.954 GC heap before
{Heap before GC invocations=8 (full 1):
 PSYoungGen      total 240640K, used 240237K [0x000000072e300000, 0x0000000742400000, 0x00000007c0000000)
  eden space 206848K, 100% used [0x000000072e300000,0x000000073ad00000,0x000000073ad00000)
  from space 33792K, 98% used [0x0000000740300000,0x000000074239b678,0x0000000742400000)
  to   space 43520K, 0% used [0x000000073cf00000,0x000000073cf00000,0x000000073f980000)
 ParOldGen       total 144384K, used 64468K [0x000000060a800000, 0x0000000613500000, 0x000000072e300000)
  object space 144384K, 44% used [0x000000060a800000,0x000000060e6f5118,0x0000000613500000)
 Metaspace       used 18822K, capacity 19100K, committed 19456K, reserved 1067008K
  class space    used 1901K, capacity 1977K, committed 2048K, reserved 1048576K
Event: 6.197 GC heap after
Heap after GC invocations=8 (full 1):
 PSYoungGen      total 285184K, used 43488K [0x000000072e300000, 0x000000074ba00000, 0x00000007c0000000)
  eden space 241664K, 0% used [0x000000072e300000,0x000000072e300000,0x000000073cf00000)
  from space 43520K, 99% used [0x000000073cf00000,0x000000073f9780b8,0x000000073f980000)
  to   space 62976K, 0% used [0x0000000747c80000,0x0000000747c80000,0x000000074ba00000)
 ParOldGen       total 144384K, used 89532K [0x000000060a800000, 0x0000000613500000, 0x000000072e300000)
  object space 144384K, 62% used [0x000000060a800000,0x000000060ff6f268,0x0000000613500000)
 Metaspace       used 18822K, capacity 19100K, committed 19456K, reserved 1067008K
  class space    used 1901K, capacity 1977K, committed 2048K, reserved 1048576K
}
Event: 7.011 GC heap before
{Heap before GC invocations=9 (full 1):
 PSYoungGen      total 285184K, used 285003K [0x000000072e300000, 0x000000074ba00000, 0x00000007c0000000)
  eden space 241664K, 99% used [0x000000072e300000,0x000000073cedad78,0x000000073cf00000)
  from space 43520K, 99% used [0x000000073cf00000,0x000000073f9780b8,0x000000073f980000)
  to   space 62976K, 0% used [0x0000000747c80000,0x0000000747c80000,0x000000074ba00000)
 ParOldGen       total 144384K, used 89532K [0x000000060a800000, 0x0000000613500000, 0x000000072e300000)
  object space 144384K, 62% used [0x000000060a800000,0x000000060ff6f268,0x0000000613500000)
 Metaspace       used 18836K, capacity 19100K, committed 19456K, reserved 1067008K
  class space    used 1901K, capacity 1977K, committed 2048K, reserved 1048576K
Event: 7.361 GC heap after
Heap after GC invocations=9 (full 1):
 PSYoungGen      total 403968K, used 62957K [0x000000072e300000, 0x0000000752080000, 0x00000007c0000000)
  eden space 340992K, 0% used [0x000000072e300000,0x000000072e300000,0x0000000743000000)
  from space 62976K, 99% used [0x0000000747c80000,0x000000074b9fb6d8,0x000000074ba00000)
  to   space 78336K, 0% used [0x0000000743000000,0x0000000743000000,0x0000000747c80000)
 ParOldGen       total 144384K, used 102268K [0x000000060a800000, 0x0000000613500000, 0x000000072e300000)
  object space 144384K, 70% used [0x000000060a800000,0x0000000610bdf318,0x0000000613500000)
 Metaspace       used 18836K, capacity 19100K, committed 19456K, reserved 1067008K
  class space    used 1901K, capacity 1977K, committed 2048K, reserved 1048576K
}
Event: 8.322 GC heap before
{Heap before GC invocations=10 (full 1):
 PSYoungGen      total 403968K, used 403949K [0x000000072e300000, 0x0000000752080000, 0x00000007c0000000)
  eden space 340992K, 100% used [0x000000072e300000,0x0000000743000000,0x0000000743000000)
  from space 62976K, 99% used [0x0000000747c80000,0x000000074b9fb6d8,0x000000074ba00000)
  to   space 78336K, 0% used [0x0000000743000000,0x0000000743000000,0x0000000747c80000)
 ParOldGen       total 144384K, used 102268K [0x000000060a800000, 0x0000000613500000, 0x000000072e300000)
  object space 144384K, 70% used [0x000000060a800000,0x0000000610bdf318,0x0000000613500000)
 Metaspace       used 19524K, capacity 19772K, committed 20096K, reserved 1067008K
  class space    used 1995K, capacity 2073K, committed 2176K, reserved 1048576K
Event: 8.606 GC heap after
Heap after GC invocations=10 (full 1):
 PSYoungGen      total 419328K, used 78305K [0x000000072e300000, 0x0000000759180000, 0x00000007c0000000)
  eden space 340992K, 0% used [0x000000072e300000,0x000000072e300000,0x0000000743000000)
  from space 78336K, 99% used [0x0000000743000000,0x0000000747c784c0,0x0000000747c80000)
  to   space 99328K, 0% used [0x0000000753080000,0x0000000753080000,0x0000000759180000)
 ParOldGen       total 144384K, used 124191K [0x000000060a800000, 0x0000000613500000, 0x000000072e300000)
  object space 144384K, 86% used [0x000000060a800000,0x0000000612147c28,0x0000000613500000)
 Metaspace       used 19524K, capacity 19772K, committed 20096K, reserved 1067008K
  class space    used 1995K, capacity 2073K, committed 2176K, reserved 1048576K
}
Event: 8.606 GC heap before
{Heap before GC invocations=11 (full 2):
 PSYoungGen      total 419328K, used 78305K [0x000000072e300000, 0x0000000759180000, 0x00000007c0000000)
  eden space 340992K, 0% used [0x000000072e300000,0x000000072e300000,0x0000000743000000)
  from space 78336K, 99% used [0x0000000743000000,0x0000000747c784c0,0x0000000747c80000)
  to   space 99328K, 0% used [0x0000000753080000,0x0000000753080000,0x0000000759180000)
 ParOldGen       total 144384K, used 124191K [0x000000060a800000, 0x0000000613500000, 0x000000072e300000)
  object space 144384K, 86% used [0x000000060a800000,0x0000000612147c28,0x0000000613500000)
 Metaspace       used 19524K, capacity 19772K, committed 20096K, reserved 1067008K
  class space    used 1995K, capacity 2073K, committed 2176K, reserved 1048576K
Event: 9.119 GC heap after
Heap after GC invocations=11 (full 2):
 PSYoungGen      total 419328K, used 0K [0x000000072e300000, 0x0000000759180000, 0x00000007c0000000)
  eden space 340992K, 0% used [0x000000072e300000,0x000000072e300000,0x0000000743000000)
  from space 78336K, 0% used [0x0000000743000000,0x0000000743000000,0x0000000747c80000)
  to   space 99328K, 0% used [0x0000000753080000,0x0000000753080000,0x0000000759180000)
 ParOldGen       total 216576K, used 120482K [0x000000060a800000, 0x0000000617b80000, 0x000000072e300000)
  object space 216576K, 55% used [0x000000060a800000,0x0000000611da8a88,0x0000000617b80000)
 Metaspace       used 19524K, capacity 19772K, committed 20096K, reserved 1067008K
  class space    used 1995K, capacity 2073K, committed 2176K, reserved 1048576K
}
Event: 9.822 GC heap before
{Heap before GC invocations=12 (full 2):
 PSYoungGen      total 419328K, used 340992K [0x000000072e300000, 0x0000000759180000, 0x00000007c0000000)
  eden space 340992K, 100% used [0x000000072e300000,0x0000000743000000,0x0000000743000000)
  from space 78336K, 0% used [0x0000000743000000,0x0000000743000000,0x0000000747c80000)
  to   space 99328K, 0% used [0x0000000753080000,0x0000000753080000,0x0000000759180000)
 ParOldGen       total 216576K, used 120482K [0x000000060a800000, 0x0000000617b80000, 0x000000072e300000)
  object space 216576K, 55% used [0x000000060a800000,0x0000000611da8a88,0x0000000617b80000)
 Metaspace       used 19551K, capacity 19772K, committed 20096K, reserved 1067008K
  class space    used 1997K, capacity 2073K, committed 2176K, reserved 1048576K
Event: 9.972 GC heap after
Heap after GC invocations=12 (full 2):
 PSYoungGen      total 558592K, used 71611K [0x000000072e300000, 0x0000000758080000, 0x00000007c0000000)
  eden space 476672K, 0% used [0x000000072e300000,0x000000072e300000,0x000000074b480000)
  from space 81920K, 87% used [0x0000000753080000,0x000000075766ee78,0x0000000758080000)
  to   space 104448K, 0% used [0x000000074b480000,0x000000074b480000,0x0000000751a80000)
 ParOldGen       total 216576K, used 120490K [0x000000060a800000, 0x0000000617b80000, 0x000000072e300000)
  object space 216576K, 55% used [0x000000060a800000,0x0000000611daaa88,0x0000000617b80000)
 Metaspace       used 19551K, capacity 19772K, committed 20096K, reserved 1067008K
  class space    used 1997K, capacity 2073K, committed 2176K, reserved 1048576K
}
Event: 11.084 GC heap before
{Heap before GC invocations=13 (full 2):
 PSYoungGen      total 558592K, used 548283K [0x000000072e300000, 0x0000000758080000, 0x00000007c0000000)
  eden space 476672K, 100% used [0x000000072e300000,0x000000074b480000,0x000000074b480000)
  from space 81920K, 87% used [0x0000000753080000,0x000000075766ee78,0x0000000758080000)
  to   space 104448K, 0% used [0x000000074b480000,0x000000074b480000,0x0000000751a80000)
 ParOldGen       total 216576K, used 120490K [0x000000060a800000, 0x0000000617b80000, 0x000000072e300000)
  object space 216576K, 55% used [0x000000060a800000,0x0000000611daaa88,0x0000000617b80000)
 Metaspace       used 19676K, capacity 19940K, committed 20352K, reserved 1067008K
  class space    used 2009K, capacity 2105K, committed 2176K, reserved 1048576K
Event: 11.303 GC heap after
Heap after GC invocations=13 (full 2):
 PSYoungGen      total 581120K, used 92863K [0x000000072e300000, 0x0000000764f80000, 0x00000007c0000000)
  eden space 476672K, 0% used [0x000000072e300000,0x000000072e300000,0x000000074b480000)
  from space 104448K, 88% used [0x000000074b480000,0x0000000750f2fd40,0x0000000751a80000)
  to   space 115712K, 0% used [0x000000075de80000,0x000000075de80000,0x0000000764f80000)
 ParOldGen       total 216576K, used 132762K [0x000000060a800000, 0x0000000617b80000, 0x000000072e300000)
  object space 216576K, 61% used [0x000000060a800000,0x00000006129a6ab8,0x0000000617b80000)
 Metaspace       used 19676K, capacity 19940K, committed 20352K, reserved 1067008K
  class space    used 2009K, capacity 2105K, committed 2176K, reserved 1048576K
}
Event: 12.721 GC heap before
{Heap before GC invocations=14 (full 2):
 PSYoungGen      total 581120K, used 569535K [0x000000072e300000, 0x0000000764f80000, 0x00000007c0000000)
  eden space 476672K, 100% used [0x000000072e300000,0x000000074b480000,0x000000074b480000)
  from space 104448K, 88% used [0x000000074b480000,0x0000000750f2fd40,0x0000000751a80000)
  to   space 115712K, 0% used [0x000000075de80000,0x000000075de80000,0x0000000764f80000)
 ParOldGen       total 216576K, used 132762K [0x000000060a800000, 0x0000000617b80000, 0x000000072e300000)
  object space 216576K, 61% used [0x000000060a800000,0x00000006129a6ab8,0x0000000617b80000)
 Metaspace       used 23953K, capacity 24222K, committed 24448K, reserved 1071104K
  class space    used 2818K, capacity 2924K, committed 2944K, reserved 1048576K
Event: 13.020 GC heap after
Heap after GC invocations=14 (full 2):
 PSYoungGen      total 771584K, used 96486K [0x000000072e300000, 0x0000000766480000, 0x00000007c0000000)
  eden space 655872K, 0% used [0x000000072e300000,0x000000072e300000,0x0000000756380000)
  from space 115712K, 83% used [0x000000075de80000,0x0000000763cb9af8,0x0000000764f80000)
  to   space 125952K, 0% used [0x0000000756380000,0x0000000756380000,0x000000075de80000)
 ParOldGen       total 216576K, used 135638K [0x000000060a800000, 0x0000000617b80000, 0x000000072e300000)
  object space 216576K, 62% used [0x000000060a800000,0x0000000612c75ae8,0x0000000617b80000)
 Metaspace       used 23953K, capacity 24222K, committed 24448K, reserved 1071104K
  class space    used 2818K, capacity 2924K, committed 2944K, reserved 1048576K
}
Event: 14.472 GC heap before
{Heap before GC invocations=15 (full 2):
 PSYoungGen      total 771584K, used 752358K [0x000000072e300000, 0x0000000766480000, 0x00000007c0000000)
  eden space 655872K, 100% used [0x000000072e300000,0x0000000756380000,0x0000000756380000)
  from space 115712K, 83% used [0x000000075de80000,0x0000000763cb9af8,0x0000000764f80000)
  to   space 125952K, 0% used [0x0000000756380000,0x0000000756380000,0x000000075de80000)
 ParOldGen       total 216576K, used 135638K [0x000000060a800000, 0x0000000617b80000, 0x000000072e300000)
  object space 216576K, 62% used [0x000000060a800000,0x0000000612c75ae8,0x0000000617b80000)
 Metaspace       used 24042K, capacity 24350K, committed 24704K, reserved 1071104K
  class space    used 2818K, capacity 2924K, committed 2944K, reserved 1048576K
Event: 14.923 GC heap after
Heap after GC invocations=15 (full 2):
 PSYoungGen      total 781824K, used 125920K [0x000000072e300000, 0x0000000779200000, 0x00000007c0000000)
  eden space 655872K, 0% used [0x000000072e300000,0x000000072e300000,0x0000000756380000)
  from space 125952K, 99% used [0x0000000756380000,0x000000075de781a0,0x000000075de80000)
  to   space 150528K, 0% used [0x000000076ff00000,0x000000076ff00000,0x0000000779200000)
 ParOldGen       total 216576K, used 150261K [0x000000060a800000, 0x0000000617b80000, 0x000000072e300000)
  object space 216576K, 69% used [0x000000060a800000,0x0000000613abd640,0x0000000617b80000)
 Metaspace       used 24042K, capacity 24350K, committed 24704K, reserved 1071104K
  class space    used 2818K, capacity 2924K, committed 2944K, reserved 1048576K
}
Event: 16.360 GC heap before
{Heap before GC invocations=16 (full 2):
 PSYoungGen      total 781824K, used 781792K [0x000000072e300000, 0x0000000779200000, 0x00000007c0000000)
  eden space 655872K, 100% used [0x000000072e300000,0x0000000756380000,0x0000000756380000)
  from space 125952K, 99% used [0x0000000756380000,0x000000075de781a0,0x000000075de80000)
  to   space 150528K, 0% used [0x000000076ff00000,0x000000076ff00000,0x0000000779200000)
 ParOldGen       total 216576K, used 150261K [0x000000060a800000, 0x0000000617b80000, 0x000000072e300000)
  object space 216576K, 69% used [0x000000060a800000,0x0000000613abd640,0x0000000617b80000)
 Metaspace       used 24151K, capacity 24414K, committed 24704K, reserved 1071104K
  class space    used 2818K, capacity 2924K, committed 2944K, reserved 1048576K
Event: 17.347 GC heap after
Heap after GC invocations=16 (full 2):
 PSYoungGen      total 1057280K, used 141595K [0x000000072e300000, 0x000000077ce00000, 0x00000007c0000000)
  eden space 906752K, 0% used [0x000000072e300000,0x000000072e300000,0x0000000765880000)
  from space 150528K, 94% used [0x000000076ff00000,0x0000000778946f48,0x0000000779200000)
  to   space 170496K, 0% used [0x0000000765880000,0x0000000765880000,0x000000076ff00000)
 ParOldGen       total 216576K, used 179228K [0x000000060a800000, 0x0000000617b80000, 0x000000072e300000)
  object space 216576K, 82% used [0x000000060a800000,0x0000000615707268,0x0000000617b80000)
 Metaspace       used 24151K, capacity 24414K, committed 24704K, reserved 1071104K
  class space    used 2818K, capacity 2924K, committed 2944K, reserved 1048576K
}
Event: 17.362 GC heap before
{Heap before GC invocations=17 (full 3):
 PSYoungGen      total 1057280K, used 141595K [0x000000072e300000, 0x000000077ce00000, 0x00000007c0000000)
  eden space 906752K, 0% used [0x000000072e300000,0x000000072e300000,0x0000000765880000)
  from space 150528K, 94% used [0x000000076ff00000,0x0000000778946f48,0x0000000779200000)
  to   space 170496K, 0% used [0x0000000765880000,0x0000000765880000,0x000000076ff00000)
 ParOldGen       total 216576K, used 179228K [0x000000060a800000, 0x0000000617b80000, 0x000000072e300000)
  object space 216576K, 82% used [0x000000060a800000,0x0000000615707268,0x0000000617b80000)
 Metaspace       used 24151K, capacity 24414K, committed 24704K, reserved 1071104K
  class space    used 2818K, capacity 2924K, committed 2944K, reserved 1048576K
Event: 17.987 GC heap after
Heap after GC invocations=17 (full 3):
 PSYoungGen      total 1057280K, used 8945K [0x000000072e300000, 0x000000077ce00000, 0x00000007c0000000)
  eden space 906752K, 0% used [0x000000072e300000,0x000000072e300000,0x0000000765880000)
  from space 150528K, 5% used [0x000000076ff00000,0x00000007707bc7a8,0x0000000779200000)
  to   space 170496K, 0% used [0x0000000765880000,0x0000000765880000,0x000000076ff00000)
 ParOldGen       total 322048K, used 216513K [0x000000060a800000, 0x000000061e280000, 0x000000072e300000)
  object space 322048K, 67% used [0x000000060a800000,0x0000000617b707e0,0x000000061e280000)
 Metaspace       used 24151K, capacity 24414K, committed 24704K, reserved 1071104K
  class space    used 2818K, capacity 2924K, committed 2944K, reserved 1048576K
}
Event: 22.796 GC heap before
{Heap before GC invocations=18 (full 3):
 PSYoungGen      total 1057280K, used 915697K [0x000000072e300000, 0x000000077ce00000, 0x00000007c0000000)
  eden space 906752K, 100% used [0x000000072e300000,0x0000000765880000,0x0000000765880000)
  from space 150528K, 5% used [0x000000076ff00000,0x00000007707bc7a8,0x0000000779200000)
  to   space 170496K, 0% used [0x0000000765880000,0x0000000765880000,0x000000076ff00000)
 ParOldGen       total 322048K, used 216513K [0x000000060a800000, 0x000000061e280000, 0x000000072e300000)
  object space 322048K, 67% used [0x000000060a800000,0x0000000617b707e0,0x000000061e280000)
 Metaspace       used 28670K, capacity 28982K, committed 29312K, reserved 1075200K
  class space    used 3361K, capacity 3454K, committed 3456K, reserved 1048576K

