# JRE version: OpenJDK Runtime Environment (8.0_172-b11) (build 1.8.0_172-b11)
# Java VM: OpenJDK 64-Bit Server VM (25.172-b11 mixed mode linux-amd64 compressed oops)
Heap:
 PSYoungGen      total 1086464K, used 124301K [0x000000072e300000, 0x000000077bc80000, 0x00000007c0000000)
  eden space 905728K, 0% used [0x000000072e300000,0x000000072e300000,0x0000000765780000)
  from space 180736K, 68% used [0x0000000765780000,0x000000076d0e34d8,0x0000000770800000)
  to   space 176640K, 0% used [0x0000000770800000,0x0000000770800000,0x000000077b480000)
 ParOldGen       total 250880K, used 150686K [0x000000060a800000, 0x0000000619d00000, 0x000000072e300000)
  object space 250880K, 60% used [0x000000060a800000,0x0000000613b27b10,0x0000000619d00000)
 Metaspace       used 35909K, capacity 36354K, committed 36864K, reserved 1081344K
  class space    used 4098K, capacity 4232K, committed 4352K, reserved 1048576K
GC Heap History (47 events):
Event: 0.422 GC heap before
{Heap before GC invocations=1 (full 0):
 PSYoungGen      total 36864K, used 31407K [0x000000072e300000, 0x0000000730c00000, 0x00000007c0000000)
  eden space 31744K, 98% used [0x000000072e300000,0x00000007301abd58,0x0000000730200000)
  from space 5120K, 0% used [0x0000000730700000,0x0000000730700000,0x0000000730c00000)
  to   space 5120K, 0% used [0x0000000730200000,0x0000000730200000,0x0000000730700000)
 ParOldGen       total 84992K, used 0K [0x000000060a800000, 0x000000060fb00000, 0x000000072e300000)
  object space 84992K, 0% used [0x000000060a800000,0x000000060a800000,0x000000060fb00000)
 Metaspace       used 2884K, capacity 4480K, committed 4480K, reserved 1056768K
  class space    used 269K, capacity 384K, committed 384K, reserved 1048576K
Event: 0.441 GC heap after
Heap after GC invocations=1 (full 0):
 PSYoungGen      total 36864K, used 5112K [0x000000072e300000, 0x0000000732b00000, 0x00000007c0000000)
  eden space 31744K, 0% used [0x000000072e300000,0x000000072e300000,0x0000000730200000)
  from space 5120K, 99% used [0x0000000730200000,0x00000007306fe148,0x0000000730700000)
  to   space 5120K, 0% used [0x0000000732600000,0x0000000732600000,0x0000000732b00000)
 ParOldGen       total 84992K, used 13057K [0x000000060a800000, 0x000000060fb00000, 0x000000072e300000)
  object space 84992K, 15% used [0x000000060a800000,0x000000060b4c0558,0x000000060fb00000)
 Metaspace       used 2884K, capacity 4480K, committed 4480K, reserved 1056768K
  class space    used 269K, capacity 384K, committed 384K, reserved 1048576K
}
Event: 0.692 GC heap before
{Heap before GC invocations=2 (full 0):
 PSYoungGen      total 36864K, used 36856K [0x000000072e300000, 0x0000000732b00000, 0x00000007c0000000)
  eden space 31744K, 100% used [0x000000072e300000,0x0000000730200000,0x0000000730200000)
  from space 5120K, 99% used [0x0000000730200000,0x00000007306fe148,0x0000000730700000)
  to   space 5120K, 0% used [0x0000000732600000,0x0000000732600000,0x0000000732b00000)
 ParOldGen       total 84992K, used 13057K [0x000000060a800000, 0x000000060fb00000, 0x000000072e300000)
  object space 84992K, 15% used [0x000000060a800000,0x000000060b4c0558,0x000000060fb00000)
 Metaspace       used 4356K, capacity 4520K, committed 4608K, reserved 1056768K
  class space    used 406K, capacity 424K, committed 512K, reserved 1048576K
Event: 0.712 GC heap after
Heap after GC invocations=2 (full 0):
 PSYoungGen      total 68608K, used 5097K [0x000000072e300000, 0x0000000732b00000, 0x00000007c0000000)
  eden space 63488K, 0% used [0x000000072e300000,0x000000072e300000,0x0000000732100000)
  from space 5120K, 99% used [0x0000000732600000,0x0000000732afa480,0x0000000732b00000)
  to   space 5120K, 0% used [0x0000000732100000,0x0000000732100000,0x0000000732600000)
 ParOldGen       total 84992K, used 28028K [0x000000060a800000, 0x000000060fb00000, 0x000000072e300000)
  object space 84992K, 32% used [0x000000060a800000,0x000000060c35f330,0x000000060fb00000)
 Metaspace       used 4356K, capacity 4520K, committed 4608K, reserved 1056768K
  class space    used 406K, capacity 424K, committed 512K, reserved 1048576K
}
Event: 1.780 GC heap before
{Heap before GC invocations=3 (full 0):
 PSYoungGen      total 68608K, used 68585K [0x000000072e300000, 0x0000000732b00000, 0x00000007c0000000)
  eden space 63488K, 100% used [0x000000072e300000,0x0000000732100000,0x0000000732100000)
  from space 5120K, 99% used [0x0000000732600000,0x0000000732afa480,0x0000000732b00000)
  to   space 5120K, 0% used [0x0000000732100000,0x0000000732100000,0x0000000732600000)
 ParOldGen       total 84992K, used 28028K [0x000000060a800000, 0x000000060fb00000, 0x000000072e300000)
  object space 84992K, 32% used [0x000000060a800000,0x000000060c35f330,0x000000060fb00000)
 Metaspace       used 11195K, capacity 11340K, committed 11520K, reserved 1058816K
  class space    used 1109K, capacity 1182K, committed 1280K, reserved 1048576K
Event: 1.809 GC heap after
Heap after GC invocations=3 (full 0):
 PSYoungGen      total 68608K, used 5104K [0x000000072e300000, 0x0000000736900000, 0x00000007c0000000)
  eden space 63488K, 0% used [0x000000072e300000,0x000000072e300000,0x0000000732100000)
  from space 5120K, 99% used [0x0000000732100000,0x00000007325fc060,0x0000000732600000)
  to   space 5120K, 0% used [0x0000000736400000,0x0000000736400000,0x0000000736900000)
 ParOldGen       total 84992K, used 38305K [0x000000060a800000, 0x000000060fb00000, 0x000000072e300000)
  object space 84992K, 45% used [0x000000060a800000,0x000000060cd68780,0x000000060fb00000)
 Metaspace       used 11195K, capacity 11340K, committed 11520K, reserved 1058816K
  class space    used 1109K, capacity 1182K, committed 1280K, reserved 1048576K
}
Event: 3.416 GC heap before
{Heap before GC invocations=4 (full 0):
 PSYoungGen      total 68608K, used 68592K [0x000000072e300000, 0x0000000736900000, 0x00000007c0000000)
  eden space 63488K, 100% used [0x000000072e300000,0x0000000732100000,0x0000000732100000)
  from space 5120K, 99% used [0x0000000732100000,0x00000007325fc060,0x0000000732600000)
  to   space 5120K, 0% used [0x0000000736400000,0x0000000736400000,0x0000000736900000)
 ParOldGen       total 84992K, used 38305K [0x000000060a800000, 0x000000060fb00000, 0x000000072e300000)
  object space 84992K, 45% used [0x000000060a800000,0x000000060cd68780,0x000000060fb00000)
 Metaspace       used 18279K, capacity 18512K, committed 18816K, reserved 1067008K
  class space    used 1848K, capacity 1911K, committed 1920K, reserved 1048576K
Event: 3.450 GC heap after
Heap after GC invocations=4 (full 0):
 PSYoungGen      total 132096K, used 5088K [0x000000072e300000, 0x0000000736900000, 0x00000007c0000000)
  eden space 126976K, 0% used [0x000000072e300000,0x000000072e300000,0x0000000735f00000)
  from space 5120K, 99% used [0x0000000736400000,0x00000007368f8270,0x0000000736900000)
  to   space 5120K, 0% used [0x0000000735f00000,0x0000000735f00000,0x0000000736400000)
 ParOldGen       total 84992K, used 63499K [0x000000060a800000, 0x000000060fb00000, 0x000000072e300000)
  object space 84992K, 74% used [0x000000060a800000,0x000000060e602de0,0x000000060fb00000)
 Metaspace       used 18279K, capacity 18512K, committed 18816K, reserved 1067008K
  class space    used 1848K, capacity 1911K, committed 1920K, reserved 1048576K
}
Event: 3.450 GC heap before
{Heap before GC invocations=5 (full 1):
 PSYoungGen      total 132096K, used 5088K [0x000000072e300000, 0x0000000736900000, 0x00000007c0000000)
  eden space 126976K, 0% used [0x000000072e300000,0x000000072e300000,0x0000000735f00000)
  from space 5120K, 99% used [0x0000000736400000,0x00000007368f8270,0x0000000736900000)
  to   space 5120K, 0% used [0x0000000735f00000,0x0000000735f00000,0x0000000736400000)
 ParOldGen       total 84992K, used 63499K [0x000000060a800000, 0x000000060fb00000, 0x000000072e300000)
  object space 84992K, 74% used [0x000000060a800000,0x000000060e602de0,0x000000060fb00000)
 Metaspace       used 18279K, capacity 18512K, committed 18816K, reserved 1067008K
  class space    used 1848K, capacity 1911K, committed 1920K, reserved 1048576K
Event: 3.599 GC heap after
Heap after GC invocations=5 (full 1):
 PSYoungGen      total 132096K, used 0K [0x000000072e300000, 0x0000000736900000, 0x00000007c0000000)
  eden space 126976K, 0% used [0x000000072e300000,0x000000072e300000,0x0000000735f00000)
  from space 5120K, 0% used [0x0000000736400000,0x0000000736400000,0x0000000736900000)
  to   space 5120K, 0% used [0x0000000735f00000,0x0000000735f00000,0x0000000736400000)
 ParOldGen       total 117760K, used 44489K [0x000000060a800000, 0x0000000611b00000, 0x000000072e300000)
  object space 117760K, 37% used [0x000000060a800000,0x000000060d372680,0x0000000611b00000)
 Metaspace       used 18279K, capacity 18512K, committed 18816K, reserved 1067008K
  class space    used 1848K, capacity 1911K, committed 1920K, reserved 1048576K
}
Event: 4.050 GC heap before
{Heap before GC invocations=6 (full 1):
 PSYoungGen      total 132096K, used 126976K [0x000000072e300000, 0x0000000736900000, 0x00000007c0000000)
  eden space 126976K, 100% used [0x000000072e300000,0x0000000735f00000,0x0000000735f00000)
  from space 5120K, 0% used [0x0000000736400000,0x0000000736400000,0x0000000736900000)
  to   space 5120K, 0% used [0x0000000735f00000,0x0000000735f00000,0x0000000736400000)
 ParOldGen       total 117760K, used 44489K [0x000000060a800000, 0x0000000611b00000, 0x000000072e300000)
  object space 117760K, 37% used [0x000000060a800000,0x000000060d372680,0x0000000611b00000)
 Metaspace       used 18777K, capacity 19030K, committed 19456K, reserved 1067008K
  class space    used 1900K, capacity 1976K, committed 2048K, reserved 1048576K
Event: 4.128 GC heap after
Heap after GC invocations=6 (full 1):
 PSYoungGen      total 132096K, used 5097K [0x000000072e300000, 0x000000073f280000, 0x00000007c0000000)
  eden space 126976K, 0% used [0x000000072e300000,0x000000072e300000,0x0000000735f00000)
  from space 5120K, 99% used [0x0000000735f00000,0x00000007363fa538,0x0000000736400000)
  to   space 37888K, 0% used [0x000000073cd80000,0x000000073cd80000,0x000000073f280000)
 ParOldGen       total 117760K, used 73377K [0x000000060a800000, 0x0000000611b00000, 0x000000072e300000)
  object space 117760K, 62% used [0x000000060a800000,0x000000060efa8760,0x0000000611b00000)
 Metaspace       used 18777K, capacity 19030K, committed 19456K, reserved 1067008K
  class space    used 1900K, capacity 1976K, committed 2048K, reserved 1048576K
}
Event: 4.436 GC heap before
{Heap before GC invocations=7 (full 1):
 PSYoungGen      total 132096K, used 132073K [0x000000072e300000, 0x000000073f280000, 0x00000007c0000000)
  eden space 126976K, 100% used [0x000000072e300000,0x0000000735f00000,0x0000000735f00000)
  from space 5120K, 99% used [0x0000000735f00000,0x00000007363fa538,0x0000000736400000)
  to   space 37888K, 0% used [0x000000073cd80000,0x000000073cd80000,0x000000073f280000)
 ParOldGen       total 117760K, used 73377K [0x000000060a800000, 0x0000000611b00000, 0x000000072e300000)
  object space 117760K, 62% used [0x000000060a800000,0x000000060efa8760,0x0000000611b00000)
 Metaspace       used 18785K, capacity 19030K, committed 19456K, reserved 1067008K
  class space    used 1900K, capacity 1976K, committed 2048K, reserved 1048576K
Event: 4.471 GC heap after
Heap after GC invocations=7 (full 1):
 PSYoungGen      total 237568K, used 32507K [0x000000072e300000, 0x000000073fc00000, 0x00000007c0000000)
  eden space 199680K, 0% used [0x000000072e300000,0x000000072e300000,0x000000073a600000)
  from space 37888K, 85% used [0x000000073cd80000,0x000000073ed3ee08,0x000000073f280000)
  to   space 40448K, 0% used [0x000000073a600000,0x000000073a600000,0x000000073cd80000)
 ParOldGen       total 117760K, used 73385K [0x000000060a800000, 0x0000000611b00000, 0x000000072e300000)
  object space 117760K, 62% used [0x000000060a800000,0x000000060efaa760,0x0000000611b00000)
 Metaspace       used 18785K, capacity 19030K, committed 19456K, reserved 1067008K
  class space    used 1900K, capacity 1976K, committed 2048K, reserved 1048576K
}
Event: 4.968 GC heap before
{Heap before GC invocations=8 (full 1):
 PSYoungGen      total 237568K, used 232187K [0x000000072e300000, 0x000000073fc00000, 0x00000007c0000000)
  eden space 199680K, 100% used [0x000000072e300000,0x000000073a600000,0x000000073a600000)
  from space 37888K, 85% used [0x000000073cd80000,0x000000073ed3ee08,0x000000073f280000)
  to   space 40448K, 0% used [0x000000073a600000,0x000000073a600000,0x000000073cd80000)
 ParOldGen       total 117760K, used 73385K [0x000000060a800000, 0x0000000611b00000, 0x000000072e300000)
  object space 117760K, 62% used [0x000000060a800000,0x000000060efaa760,0x0000000611b00000)
 Metaspace       used 18824K, capacity 19100K, committed 19456K, reserved 1067008K
  class space    used 1901K, capacity 1977K, committed 2048K, reserved 1048576K
Event: 5.069 GC heap after
Heap after GC invocations=8 (full 1):
 PSYoungGen      total 240128K, used 40443K [0x000000072e300000, 0x0000000749d00000, 0x00000007c0000000)
  eden space 199680K, 0% used [0x000000072e300000,0x000000072e300000,0x000000073a600000)
  from space 40448K, 99% used [0x000000073a600000,0x000000073cd7ee28,0x000000073cd80000)
  to   space 56832K, 0% used [0x0000000746580000,0x0000000746580000,0x0000000749d00000)
 ParOldGen       total 117760K, used 94402K [0x000000060a800000, 0x0000000611b00000, 0x000000072e300000)
  object space 117760K, 80% used [0x000000060a800000,0x0000000610430840,0x0000000611b00000)
 Metaspace       used 18824K, capacity 19100K, committed 19456K, reserved 1067008K
  class space    used 1901K, capacity 1977K, committed 2048K, reserved 1048576K
}
Event: 5.069 GC heap before
{Heap before GC invocations=9 (full 2):
 PSYoungGen      total 240128K, used 40443K [0x000000072e300000, 0x0000000749d00000, 0x00000007c0000000)
  eden space 199680K, 0% used [0x000000072e300000,0x000000072e300000,0x000000073a600000)
  from space 40448K, 99% used [0x000000073a600000,0x000000073cd7ee28,0x000000073cd80000)
  to   space 56832K, 0% used [0x0000000746580000,0x0000000746580000,0x0000000749d00000)
 ParOldGen       total 117760K, used 94402K [0x000000060a800000, 0x0000000611b00000, 0x000000072e300000)
  object space 117760K, 80% used [0x000000060a800000,0x0000000610430840,0x0000000611b00000)
 Metaspace       used 18824K, capacity 19100K, committed 19456K, reserved 1067008K
  class space    used 1901K, capacity 1977K, committed 2048K, reserved 1048576K
Event: 5.366 GC heap after
Heap after GC invocations=9 (full 2):
 PSYoungGen      total 240128K, used 0K [0x000000072e300000, 0x0000000749d00000, 0x00000007c0000000)
  eden space 199680K, 0% used [0x000000072e300000,0x000000072e300000,0x000000073a600000)
  from space 40448K, 0% used [0x000000073a600000,0x000000073a600000,0x000000073cd80000)
  to   space 56832K, 0% used [0x0000000746580000,0x0000000746580000,0x0000000749d00000)
 ParOldGen       total 205824K, used 98323K [0x000000060a800000, 0x0000000617100000, 0x000000072e300000)
  object space 205824K, 47% used [0x000000060a800000,0x0000000610804c90,0x0000000617100000)
 Metaspace       used 18824K, capacity 19100K, committed 19456K, reserved 1067008K
  class space    used 1901K, capacity 1977K, committed 2048K, reserved 1048576K
}
Event: 5.872 GC heap before
{Heap before GC invocations=10 (full 2):
 PSYoungGen      total 240128K, used 199680K [0x000000072e300000, 0x0000000749d00000, 0x00000007c0000000)
  eden space 199680K, 100% used [0x000000072e300000,0x000000073a600000,0x000000073a600000)
  from space 40448K, 0% used [0x000000073a600000,0x000000073a600000,0x000000073cd80000)
  to   space 56832K, 0% used [0x0000000746580000,0x0000000746580000,0x0000000749d00000)
 ParOldGen       total 205824K, used 98323K [0x000000060a800000, 0x0000000617100000, 0x000000072e300000)
  object space 205824K, 47% used [0x000000060a800000,0x0000000610804c90,0x0000000617100000)
 Metaspace       used 18836K, capacity 19100K, committed 19456K, reserved 1067008K
  class space    used 1901K, capacity 1977K, committed 2048K, reserved 1048576K
Event: 5.966 GC heap after
Heap after GC invocations=10 (full 2):
 PSYoungGen      total 346112K, used 49563K [0x000000072e300000, 0x0000000749600000, 0x00000007c0000000)
  eden space 296448K, 0% used [0x000000072e300000,0x000000072e300000,0x0000000740480000)
  from space 49664K, 99% used [0x0000000746580000,0x00000007495e6e38,0x0000000749600000)
  to   space 61952K, 0% used [0x0000000741d00000,0x0000000741d00000,0x0000000745980000)
 ParOldGen       total 205824K, used 98331K [0x000000060a800000, 0x0000000617100000, 0x000000072e300000)
  object space 205824K, 47% used [0x000000060a800000,0x0000000610806c90,0x0000000617100000)
 Metaspace       used 18836K, capacity 19100K, committed 19456K, reserved 1067008K
  class space    used 1901K, capacity 1977K, committed 2048K, reserved 1048576K
}
Event: 6.954 GC heap before
{Heap before GC invocations=11 (full 2):
 PSYoungGen      total 346112K, used 346011K [0x000000072e300000, 0x0000000749600000, 0x00000007c0000000)
  eden space 296448K, 100% used [0x000000072e300000,0x0000000740480000,0x0000000740480000)
  from space 49664K, 99% used [0x0000000746580000,0x00000007495e6e38,0x0000000749600000)
  to   space 61952K, 0% used [0x0000000741d00000,0x0000000741d00000,0x0000000745980000)
 ParOldGen       total 205824K, used 98331K [0x000000060a800000, 0x0000000617100000, 0x000000072e300000)
  object space 205824K, 47% used [0x000000060a800000,0x0000000610806c90,0x0000000617100000)
 Metaspace       used 19498K, capacity 19708K, committed 20096K, reserved 1067008K
  class space    used 1992K, capacity 2073K, committed 2176K, reserved 1048576K
Event: 7.122 GC heap after
Heap after GC invocations=11 (full 2):
 PSYoungGen      total 383488K, used 61928K [0x000000072e300000, 0x000000074f180000, 0x00000007c0000000)
  eden space 321536K, 0% used [0x000000072e300000,0x000000072e300000,0x0000000741d00000)
  from space 61952K, 99% used [0x0000000741d00000,0x000000074597a1e8,0x0000000745980000)
  to   space 75776K, 0% used [0x000000074a780000,0x000000074a780000,0x000000074f180000)
 ParOldGen       total 205824K, used 111524K [0x000000060a800000, 0x0000000617100000, 0x000000072e300000)
  object space 205824K, 54% used [0x000000060a800000,0x00000006114e9128,0x0000000617100000)
 Metaspace       used 19498K, capacity 19708K, committed 20096K, reserved 1067008K
  class space    used 1992K, capacity 2073K, committed 2176K, reserved 1048576K
}
Event: 8.085 GC heap before
{Heap before GC invocations=12 (full 2):
 PSYoungGen      total 383488K, used 383464K [0x000000072e300000, 0x000000074f180000, 0x00000007c0000000)
  eden space 321536K, 100% used [0x000000072e300000,0x0000000741d00000,0x0000000741d00000)
  from space 61952K, 99% used [0x0000000741d00000,0x000000074597a1e8,0x0000000745980000)
  to   space 75776K, 0% used [0x000000074a780000,0x000000074a780000,0x000000074f180000)
 ParOldGen       total 205824K, used 111524K [0x000000060a800000, 0x0000000617100000, 0x000000072e300000)
  object space 205824K, 54% used [0x000000060a800000,0x00000006114e9128,0x0000000617100000)
 Metaspace       used 19548K, capacity 19772K, committed 20096K, reserved 1067008K
  class space    used 1995K, capacity 2073K, committed 2176K, reserved 1048576K
Event: 8.257 GC heap after
Heap after GC invocations=12 (full 2):
 PSYoungGen      total 449024K, used 75755K [0x000000072e300000, 0x0000000753200000, 0x00000007c0000000)
  eden space 373248K, 0% used [0x000000072e300000,0x000000072e300000,0x0000000744f80000)
  from space 75776K, 99% used [0x000000074a780000,0x000000074f17ae88,0x000000074f180000)
  to   space 90112K, 0% used [0x0000000744f80000,0x0000000744f80000,0x000000074a780000)
 ParOldGen       total 205824K, used 122012K [0x000000060a800000, 0x0000000617100000, 0x000000072e300000)
  object space 205824K, 59% used [0x000000060a800000,0x0000000611f27218,0x0000000617100000)
 Metaspace       used 19548K, capacity 19772K, committed 20096K, reserved 1067008K
  class space    used 1995K, capacity 2073K, committed 2176K, reserved 1048576K
}
Event: 9.056 GC heap before
{Heap before GC invocations=13 (full 2):
 PSYoungGen      total 449024K, used 449003K [0x000000072e300000, 0x0000000753200000, 0x00000007c0000000)
  eden space 373248K, 100% used [0x000000072e300000,0x0000000744f80000,0x0000000744f80000)
  from space 75776K, 99% used [0x000000074a780000,0x000000074f17ae88,0x000000074f180000)
  to   space 90112K, 0% used [0x0000000744f80000,0x0000000744f80000,0x000000074a780000)
 ParOldGen       total 205824K, used 122012K [0x000000060a800000, 0x0000000617100000, 0x000000072e300000)
  object space 205824K, 59% used [0x000000060a800000,0x0000000611f27218,0x0000000617100000)
 Metaspace       used 19563K, capacity 19772K, committed 20096K, reserved 1067008K
  class space    used 1996K, capacity 2073K, committed 2176K, reserved 1048576K
Event: 9.309 GC heap after
Heap after GC invocations=13 (full 2):
 PSYoungGen      total 463360K, used 90107K [0x000000072e300000, 0x000000075ac80000, 0x00000007c0000000)
  eden space 373248K, 0% used [0x000000072e300000,0x000000072e300000,0x0000000744f80000)
  from space 90112K, 99% used [0x0000000744f80000,0x000000074a77eea8,0x000000074a780000)
  to   space 112640K, 0% used [0x0000000753e80000,0x0000000753e80000,0x000000075ac80000)
 ParOldGen       total 205824K, used 147924K [0x000000060a800000, 0x0000000617100000, 0x000000072e300000)
  object space 205824K, 71% used [0x000000060a800000,0x00000006138752b8,0x0000000617100000)
 Metaspace       used 19563K, capacity 19772K, committed 20096K, reserved 1067008K
  class space    used 1996K, capacity 2073K, committed 2176K, reserved 1048576K
}
Event: 10.458 GC heap before
{Heap before GC invocations=14 (full 2):
 PSYoungGen      total 463360K, used 463355K [0x000000072e300000, 0x000000075ac80000, 0x00000007c0000000)
  eden space 373248K, 100% used [0x000000072e300000,0x0000000744f80000,0x0000000744f80000)
  from space 90112K, 99% used [0x0000000744f80000,0x000000074a77eea8,0x000000074a780000)
  to   space 112640K, 0% used [0x0000000753e80000,0x0000000753e80000,0x000000075ac80000)
 ParOldGen       total 205824K, used 147924K [0x000000060a800000, 0x0000000617100000, 0x000000072e300000)
  object space 205824K, 71% used [0x000000060a800000,0x00000006138752b8,0x0000000617100000)
 Metaspace       used 22095K, capacity 22398K, committed 22784K, reserved 1069056K
  class space    used 2466K, capacity 2558K, committed 2560K, reserved 1048576K
Event: 10.653 GC heap after
Heap after GC invocations=14 (full 2):
 PSYoungGen      total 613376K, used 77892K [0x000000072e300000, 0x000000075b500000, 0x00000007c0000000)
  eden space 500736K, 0% used [0x000000072e300000,0x000000072e300000,0x000000074cc00000)
  from space 112640K, 69% used [0x0000000753e80000,0x0000000758a912d0,0x000000075ac80000)
  to   space 117248K, 0% used [0x000000074cc00000,0x000000074cc00000,0x0000000753e80000)
 ParOldGen       total 205824K, used 185540K [0x000000060a800000, 0x0000000617100000, 0x000000072e300000)
  object space 205824K, 90% used [0x000000060a800000,0x0000000615d31348,0x0000000617100000)
 Metaspace       used 22095K, capacity 22398K, committed 22784K, reserved 1069056K
  class space    used 2466K, capacity 2558K, committed 2560K, reserved 1048576K
}
Event: 10.653 GC heap before
{Heap before GC invocations=15 (full 3):
 PSYoungGen      total 613376K, used 77892K [0x000000072e300000, 0x000000075b500000, 0x00000007c0000000)
  eden space 500736K, 0% used [0x000000072e300000,0x000000072e300000,0x000000074cc00000)
  from space 112640K, 69% used [0x0000000753e80000,0x0000000758a912d0,0x000000075ac80000)
  to   space 117248K, 0% used [0x000000074cc00000,0x000000074cc00000,0x0000000753e80000)
 ParOldGen       total 205824K, used 185540K [0x000000060a800000, 0x0000000617100000, 0x000000072e300000)
  object space 205824K, 90% used [0x000000060a800000,0x0000000615d31348,0x0000000617100000)
 Metaspace       used 22095K, capacity 22398K, committed 22784K, reserved 1069056K
  class space    used 2466K, capacity 2558K, committed 2560K, reserved 1048576K
Event: 10.993 GC heap after
Heap after GC invocations=15 (full 3):
 PSYoungGen      total 613376K, used 0K [0x000000072e300000, 0x000000075b500000, 0x00000007c0000000)
  eden space 500736K, 0% used [0x000000072e300000,0x000000072e300000,0x000000074cc00000)
  from space 112640K, 0% used [0x0000000753e80000,0x0000000753e80000,0x000000075ac80000)
  to   space 117248K, 0% used [0x000000074cc00000,0x000000074cc00000,0x0000000753e80000)
 ParOldGen       total 250880K, used 119644K [0x000000060a800000, 0x0000000619d00000, 0x000000072e300000)
  object space 250880K, 47% used [0x000000060a800000,0x0000000611cd73c8,0x0000000619d00000)
 Metaspace       used 22095K, capacity 22398K, committed 22784K, reserved 1069056K
  class space    used 2466K, capacity 2558K, committed 2560K, reserved 1048576K
}
Event: 12.355 GC heap before
{Heap before GC invocations=16 (full 3):
 PSYoungGen      total 613376K, used 500736K [0x000000072e300000, 0x000000075b500000, 0x00000007c0000000)
  eden space 500736K, 100% used [0x000000072e300000,0x000000074cc00000,0x000000074cc00000)
  from space 112640K, 0% used [0x0000000753e80000,0x0000000753e80000,0x000000075ac80000)
  to   space 117248K, 0% used [0x000000074cc00000,0x000000074cc00000,0x0000000753e80000)
 ParOldGen       total 250880K, used 119644K [0x000000060a800000, 0x0000000619d00000, 0x000000072e300000)
  object space 250880K, 47% used [0x000000060a800000,0x0000000611cd73c8,0x0000000619d00000)
 Metaspace       used 23977K, capacity 24286K, committed 24704K, reserved 1071104K
  class space    used 2811K, capacity 2924K, committed 2944K, reserved 1048576K
Event: 12.571 GC heap after
Heap after GC invocations=16 (full 3):
 PSYoungGen      total 617984K, used 109472K [0x000000072e300000, 0x0000000767f80000, 0x00000007c0000000)
  eden space 500736K, 0% used [0x000000072e300000,0x000000072e300000,0x000000074cc00000)
  from space 117248K, 93% used [0x000000074cc00000,0x00000007536e83c8,0x0000000753e80000)
  to   space 131584K, 0% used [0x000000075ff00000,0x000000075ff00000,0x0000000767f80000)
 ParOldGen       total 250880K, used 119652K [0x000000060a800000, 0x0000000619d00000, 0x000000072e300000)
  object space 250880K, 47% used [0x000000060a800000,0x0000000611cd93c8,0x0000000619d00000)
 Metaspace       used 23977K, capacity 24286K, committed 24704K, reserved 1071104K
  class space    used 2811K, capacity 2924K, committed 2944K, reserved 1048576K
}
Event: 13.964 GC heap before
{Heap before GC invocations=17 (full 3):
 PSYoungGen      total 617984K, used 610208K [0x000000072e300000, 0x0000000767f80000, 0x00000007c0000000)
  eden space 500736K, 100% used [0x000000072e300000,0x000000074cc00000,0x000000074cc00000)
  from space 117248K, 93% used [0x000000074cc00000,0x00000007536e83c8,0x0000000753e80000)
  to   space 131584K, 0% used [0x000000075ff00000,0x000000075ff00000,0x0000000767f80000)
 ParOldGen       total 250880K, used 119652K [0x000000060a800000, 0x0000000619d00000, 0x000000072e300000)
  object space 250880K, 47% used [0x000000060a800000,0x0000000611cd93c8,0x0000000619d00000)
 Metaspace       used 24038K, capacity 24350K, committed 24704K, reserved 1071104K
  class space    used 2811K, capacity 2924K, committed 2944K, reserved 1048576K
Event: 14.155 GC heap after
Heap after GC invocations=17 (full 3):
 PSYoungGen      total 804352K, used 106139K [0x000000072e300000, 0x0000000769200000, 0x00000007c0000000)
  eden space 672768K, 0% used [0x000000072e300000,0x000000072e300000,0x0000000757400000)
  from space 131584K, 80% used [0x000000075ff00000,0x00000007666a6ee8,0x0000000767f80000)
  to   space 142336K, 0% used [0x0000000757400000,0x0000000757400000,0x000000075ff00000)
 ParOldGen       total 250880K, used 144985K [0x000000060a800000, 0x0000000619d00000, 0x000000072e300000)
  object space 250880K, 57% used [0x000000060a800000,0x0000000613596438,0x0000000619d00000)
 Metaspace       used 24038K, capacity 24350K, committed 24704K, reserved 1071104K
  class space    used 2811K, capacity 2924K, committed 2944K, reserved 1048576K
}
Event: 15.556 GC heap before
{Heap before GC invocations=18 (full 3):
 PSYoungGen      total 804352K, used 778907K [0x000000072e300000, 0x0000000769200000, 0x00000007c0000000)
  eden space 672768K, 100% used [0x000000072e300000,0x0000000757400000,0x0000000757400000)
  from space 131584K, 80% used [0x000000075ff00000,0x00000007666a6ee8,0x0000000767f80000)
  to   space 142336K, 0% used [0x0000000757400000,0x0000000757400000,0x000000075ff00000)
 ParOldGen       total 250880K, used 144985K [0x000000060a800000, 0x0000000619d00000, 0x000000072e300000)
  object space 250880K, 57% used [0x000000060a800000,0x0000000613596438,0x0000000619d00000)
 Metaspace       used 24164K, capacity 24478K, committed 24704K, reserved 1071104K
  class space    used 2811K, capacity 2924K, committed 2944K, reserved 1048576K
Event: 15.844 GC heap after
Heap after GC invocations=18 (full 3):
 PSYoungGen      total 815104K, used 142331K [0x000000072e300000, 0x000000077ac80000, 0x00000007c0000000)
  eden space 672768K, 0% used [0x000000072e300000,0x000000072e300000,0x0000000757400000)
  from space 142336K, 99% used [0x0000000757400000,0x000000075fefef58,0x000000075ff00000)
  to   space 166912K, 0% used [0x0000000770980000,0x0000000770980000,0x000000077ac80000)
 ParOldGen       total 250880K, used 153800K [0x000000060a800000, 0x0000000619d00000, 0x000000072e300000)
  object space 250880K, 61% used [0x000000060a800000,0x0000000613e32050,0x0000000619d00000)
 Metaspace       used 24164K, capacity 24478K, committed 24704K, reserved 1071104K
  class space    used 2811K, capacity 2924K, committed 2944K, reserved 1048576K
}
Event: 19.538 GC heap before
{Heap before GC invocations=19 (full 3):
 PSYoungGen      total 815104K, used 815099K [0x000000072e300000, 0x000000077ac80000, 0x00000007c0000000)
  eden space 672768K, 100% used [0x000000072e300000,0x0000000757400000,0x0000000757400000)
  from space 142336K, 99% used [0x0000000757400000,0x000000075fefef58,0x000000075ff00000)
  to   space 166912K, 0% used [0x0000000770980000,0x0000000770980000,0x000000077ac80000)
 ParOldGen       total 250880K, used 153800K [0x000000060a800000, 0x0000000619d00000, 0x000000072e300000)
  object space 250880K, 61% used [0x000000060a800000,0x0000000613e32050,0x0000000619d00000)
 Metaspace       used 28531K, capacity 28854K, committed 29312K, reserved 1075200K
  class space    used 3350K, capacity 3454K, committed 3456K, reserved 1048576K
Event: 19.862 GC heap after
Heap after GC invocations=19 (full 3):
 PSYoungGen      total 1074176K, used 134507K [0x000000072e300000, 0x000000077bc80000, 0x00000007c0000000)
  eden space 907264K, 0% used [0x000000072e300000,0x000000072e300000,0x0000000765900000)
  from space 166912K, 80% used [0x0000000770980000,0x0000000778cdaf58,0x000000077ac80000)
  to   space 180736K, 0% used [0x0000000765900000,0x0000000765900000,0x0000000770980000)
 ParOldGen       total 250880K, used 167200K [0x000000060a800000, 0x0000000619d00000, 0x000000072e300000)
  object space 250880K, 66% used [0x000000060a800000,0x0000000614b48080,0x0000000619d00000)
 Metaspace       used 28531K, capacity 28854K, committed 29312K, reserved 1075200K
  class space    used 3350K, capacity 3454K, committed 3456K, reserved 1048576K
}
Event: 21.620 GC heap before
{Heap before GC invocations=20 (full 3):
 PSYoungGen      total 1074176K, used 520145K [0x000000072e300000, 0x000000077bc80000, 0x00000007c0000000)
  eden space 907264K, 42% used [0x000000072e300000,0x0000000745b99730,0x0000000765900000)
  from space 166912K, 80% used [0x0000000770980000,0x0000000778cdaf58,0x000000077ac80000)
  to   space 180736K, 0% used [0x0000000765900000,0x0000000765900000,0x0000000770980000)
 ParOldGen       total 250880K, used 167200K [0x000000060a800000, 0x0000000619d00000, 0x000000072e300000)
  object space 250880K, 66% used [0x000000060a800000,0x0000000614b48080,0x0000000619d00000)
 Metaspace       used 28889K, capacity 29270K, committed 29696K, reserved 1075200K
  class space    used 3371K, capacity 3486K, committed 3584K, reserved 1048576K
Event: 21.888 GC heap after
Heap after GC invocations=20 (full 3):
 PSYoungGen      total 1002496K, used 94750K [0x000000072e300000, 0x000000077b480000, 0x00000007c0000000)
  eden space 907264K, 0% used [0x000000072e300000,0x000000072e300000,0x0000000765900000)
  from space 95232K, 99% used [0x0000000765900000,0x000000076b587b78,0x000000076b600000)
  to   space 176640K, 0% used [0x0000000770800000,0x0000000770800000,0x000000077b480000)
 ParOldGen       total 250880K, used 201827K [0x000000060a800000, 0x0000000619d00000, 0x000000072e300000)
  object space 250880K, 80% used [0x000000060a800000,0x0000000616d18f18,0x0000000619d00000)
 Metaspace       used 28889K, capacity 29270K, committed 29696K, reserved 1075200K
  class space    used 3371K, capacity 3486K, committed 3584K, reserved 1048576K
}
Event: 21.888 GC heap before
{Heap before GC invocations=21 (full 4):
 PSYoungGen      total 1002496K, used 94750K [0x000000072e300000, 0x000000077b480000, 0x00000007c0000000)
  eden space 907264K, 0% used [0x000000072e300000,0x000000072e300000,0x0000000765900000)
  from space 95232K, 99% used [0x0000000765900000,0x000000076b587b78,0x000000076b600000)
  to   space 176640K, 0% used [0x0000000770800000,0x0000000770800000,0x000000077b480000)
 ParOldGen       total 250880K, used 201827K [0x000000060a800000, 0x0000000619d00000, 0x000000072e300000)
  object space 250880K, 80% used [0x000000060a800000,0x0000000616d18f18,0x0000000619d00000)
 Metaspace       used 28889K, capacity 29270K, committed 29696K, reserved 1075200K
  class space    used 3371K, capacity 3486K, committed 3584K, reserved 1048576K
Event: 22.443 GC heap after
Heap after GC invocations=21 (full 4):
 PSYoungGen      total 1002496K, used 0K [0x000000072e300000, 0x000000077b480000, 0x00000007c0000000)
  eden space 907264K, 0% used [0x000000072e300000,0x000000072e300000,0x0000000765900000)
  from space 95232K, 0% used [0x0000000765900000,0x0000000765900000,0x000000076b600000)
  to   space 176640K, 0% used [0x0000000770800000,0x0000000770800000,0x000000077b480000)
 ParOldGen       total 250880K, used 210351K [0x000000060a800000, 0x0000000619d00000, 0x000000072e300000)
  object space 250880K, 83% used [0x000000060a800000,0x000000061756bca0,0x0000000619d00000)
 Metaspace       used 28889K, capacity 29270K, committed 29696K, reserved 1075200K
  class space    used 3371K, capacity 3486K, committed 3584K, reserved 1048576K
}
Event: 22.453 GC heap before
{Heap before GC invocations=22 (full 4):
 PSYoungGen      total 1002496K, used 23807K [0x000000072e300000, 0x000000077b480000, 0x00000007c0000000)
  eden space 907264K, 2% used [0x000000072e300000,0x000000072fa3fe20,0x0000000765900000)
  from space 95232K, 0% used [0x0000000765900000,0x0000000765900000,0x000000076b600000)
  to   space 176640K, 0% used [0x0000000770800000,0x0000000770800000,0x000000077b480000)
 ParOldGen       total 250880K, used 210351K [0x000000060a800000, 0x0000000619d00000, 0x000000072e300000)
  object space 250880K, 83% used [0x000000060a800000,0x000000061756bca0,0x0000000619d00000)
 Metaspace       used 28905K, capacity 29290K, committed 29696K, reserved 1075200K
  class space    used 3374K, capacity 3492K, committed 3584K, reserved 1048576K
Event: 22.456 GC heap after
Heap after GC invocations=22 (full 4):
 PSYoungGen      total 1082368K, used 64K [0x000000072e300000, 0x000000077bc80000, 0x00000007c0000000)
  eden space 905728K, 0% used [0x000000072e300000,0x000000072e300000,0x0000000765780000)
  from space 176640K, 0% used [0x0000000770800000,0x0000000770810000,0x000000077b480000)
  to   space 180736K, 0% used [0x0000000765780000,0x0000000765780000,0x0000000770800000)
 ParOldGen       total 250880K, used 210359K [0x000000060a800000, 0x0000000619d00000, 0x000000072e300000)
  object space 250880K, 83% used [0x000000060a800000,0x000000061756dca0,0x0000000619d00000)
 Metaspace       used 28905K, capacity 29290K, committed 29696K, reserved 1075200K
  class space    used 3374K, capacity 3492K, committed 3584K, reserved 1048576K
}
Event: 22.456 GC heap before
{Heap before GC invocations=23 (full 5):
 PSYoungGen      total 1082368K, used 64K [0x000000072e300000, 0x000000077bc80000, 0x00000007c0000000)
  eden space 905728K, 0% used [0x000000072e300000,0x000000072e300000,0x0000000765780000)
  from space 176640K, 0% used [0x0000000770800000,0x0000000770810000,0x000000077b480000)
  to   space 180736K, 0% used [0x0000000765780000,0x0000000765780000,0x0000000770800000)
 ParOldGen       total 250880K, used 210359K [0x000000060a800000, 0x0000000619d00000, 0x000000072e300000)
  object space 250880K, 83% used [0x000000060a800000,0x000000061756dca0,0x0000000619d00000)
 Metaspace       used 28905K, capacity 29290K, committed 29696K, reserved 1075200K
  class space    used 3374K, capacity 3492K, committed 3584K, reserved 1048576K
Event: 22.745 GC heap after
Heap after GC invocations=23 (full 5):
 PSYoungGen      total 1082368K, used 0K [0x000000072e300000, 0x000000077bc80000, 0x00000007c0000000)
  eden space 905728K, 0% used [0x000000072e300000,0x000000072e300000,0x0000000765780000)
  from space 176640K, 0% used [0x0000000770800000,0x0000000770800000,0x000000077b480000)
  to   space 180736K, 0% used [0x0000000765780000,0x0000000765780000,0x0000000770800000)
 ParOldGen       total 250880K, used 150678K [0x000000060a800000, 0x0000000619d00000, 0x000000072e300000)
  object space 250880K, 60% used [0x000000060a800000,0x0000000613b25b10,0x0000000619d00000)
 Metaspace       used 28905K, capacity 29290K, committed 29696K, reserved 1075200K
  class space    used 3374K, capacity 3492K, committed 3584K, reserved 1048576K
}
Event: 433.763 GC heap before
{Heap before GC invocations=24 (full 5):
 PSYoungGen      total 1082368K, used 905728K [0x000000072e300000, 0x000000077bc80000, 0x00000007c0000000)
  eden space 905728K, 100% used [0x000000072e300000,0x0000000765780000,0x0000000765780000)
  from space 176640K, 0% used [0x0000000770800000,0x0000000770800000,0x000000077b480000)
  to   space 180736K, 0% used [0x0000000765780000,0x0000000765780000,0x0000000770800000)
 ParOldGen       total 250880K, used 150678K [0x000000060a800000, 0x0000000619d00000, 0x000000072e300000)
  object space 250880K, 60% used [0x000000060a800000,0x0000000613b25b10,0x0000000619d00000)
 Metaspace       used 35909K, capacity 36354K, committed 36864K, reserved 1081344K
  class space    used 4098K, capacity 4232K, committed 4352K, reserved 1048576K

