# JRE version: OpenJDK Runtime Environment (8.0_172-b11) (build 1.8.0_172-b11)
# Java VM: OpenJDK 64-Bit Server VM (25.172-b11 mixed mode linux-amd64 compressed oops)
Heap:
 PSYoungGen      total 1409536K, used 93356K [0x000000072e300000, 0x000000078fd00000, 0x00000007c0000000)
  eden space 1219584K, 0% used [0x000000072e300000,0x000000072e300000,0x0000000778a00000)
  from space 189952K, 49% used [0x0000000778a00000,0x000000077e52b180,0x0000000784380000)
  to   space 186880K, 0% used [0x0000000784680000,0x0000000784680000,0x000000078fd00000)
 ParOldGen       total 226816K, used 150605K [0x000000060a800000, 0x0000000618580000, 0x000000072e300000)
  object space 226816K, 66% used [0x000000060a800000,0x0000000613b13408,0x0000000618580000)
 Metaspace       used 36174K, capacity 36708K, committed 36992K, reserved 1081344K
  class space    used 4100K, capacity 4223K, committed 4224K, reserved 1048576K
GC Heap History (41 events):
Event: 0.375 GC heap before
{Heap before GC invocations=1 (full 0):
 PSYoungGen      total 36864K, used 31407K [0x000000072e300000, 0x0000000730c00000, 0x00000007c0000000)
  eden space 31744K, 98% used [0x000000072e300000,0x00000007301abc78,0x0000000730200000)
  from space 5120K, 0% used [0x0000000730700000,0x0000000730700000,0x0000000730c00000)
  to   space 5120K, 0% used [0x0000000730200000,0x0000000730200000,0x0000000730700000)
 ParOldGen       total 84992K, used 0K [0x000000060a800000, 0x000000060fb00000, 0x000000072e300000)
  object space 84992K, 0% used [0x000000060a800000,0x000000060a800000,0x000000060fb00000)
 Metaspace       used 2884K, capacity 4480K, committed 4480K, reserved 1056768K
  class space    used 269K, capacity 384K, committed 384K, reserved 1048576K
Event: 0.419 GC heap after
Heap after GC invocations=1 (full 0):
 PSYoungGen      total 36864K, used 5112K [0x000000072e300000, 0x0000000732b00000, 0x00000007c0000000)
  eden space 31744K, 0% used [0x000000072e300000,0x000000072e300000,0x0000000730200000)
  from space 5120K, 99% used [0x0000000730200000,0x00000007306fe148,0x0000000730700000)
  to   space 5120K, 0% used [0x0000000732600000,0x0000000732600000,0x0000000732b00000)
 ParOldGen       total 84992K, used 13057K [0x000000060a800000, 0x000000060fb00000, 0x000000072e300000)
  object space 84992K, 15% used [0x000000060a800000,0x000000060b4c0558,0x000000060fb00000)
 Metaspace       used 2884K, capacity 4480K, committed 4480K, reserved 1056768K
  class space    used 269K, capacity 384K, committed 384K, reserved 1048576K
}
Event: 0.703 GC heap before
{Heap before GC invocations=2 (full 0):
 PSYoungGen      total 36864K, used 36856K [0x000000072e300000, 0x0000000732b00000, 0x00000007c0000000)
  eden space 31744K, 100% used [0x000000072e300000,0x0000000730200000,0x0000000730200000)
  from space 5120K, 99% used [0x0000000730200000,0x00000007306fe148,0x0000000730700000)
  to   space 5120K, 0% used [0x0000000732600000,0x0000000732600000,0x0000000732b00000)
 ParOldGen       total 84992K, used 13057K [0x000000060a800000, 0x000000060fb00000, 0x000000072e300000)
  object space 84992K, 15% used [0x000000060a800000,0x000000060b4c0558,0x000000060fb00000)
 Metaspace       used 4358K, capacity 4520K, committed 4608K, reserved 1056768K
  class space    used 406K, capacity 424K, committed 512K, reserved 1048576K
Event: 0.720 GC heap after
Heap after GC invocations=2 (full 0):
 PSYoungGen      total 68608K, used 5097K [0x000000072e300000, 0x0000000732b00000, 0x00000007c0000000)
  eden space 63488K, 0% used [0x000000072e300000,0x000000072e300000,0x0000000732100000)
  from space 5120K, 99% used [0x0000000732600000,0x0000000732afa490,0x0000000732b00000)
  to   space 5120K, 0% used [0x0000000732100000,0x0000000732100000,0x0000000732600000)
 ParOldGen       total 84992K, used 26171K [0x000000060a800000, 0x000000060fb00000, 0x000000072e300000)
  object space 84992K, 30% used [0x000000060a800000,0x000000060c18eee0,0x000000060fb00000)
 Metaspace       used 4358K, capacity 4520K, committed 4608K, reserved 1056768K
  class space    used 406K, capacity 424K, committed 512K, reserved 1048576K
}
Event: 2.172 GC heap before
{Heap before GC invocations=3 (full 0):
 PSYoungGen      total 68608K, used 68585K [0x000000072e300000, 0x0000000732b00000, 0x00000007c0000000)
  eden space 63488K, 100% used [0x000000072e300000,0x0000000732100000,0x0000000732100000)
  from space 5120K, 99% used [0x0000000732600000,0x0000000732afa490,0x0000000732b00000)
  to   space 5120K, 0% used [0x0000000732100000,0x0000000732100000,0x0000000732600000)
 ParOldGen       total 84992K, used 26171K [0x000000060a800000, 0x000000060fb00000, 0x000000072e300000)
  object space 84992K, 30% used [0x000000060a800000,0x000000060c18eee0,0x000000060fb00000)
 Metaspace       used 11183K, capacity 11340K, committed 11520K, reserved 1058816K
  class space    used 1109K, capacity 1182K, committed 1280K, reserved 1048576K
Event: 2.213 GC heap after
Heap after GC invocations=3 (full 0):
 PSYoungGen      total 68608K, used 5088K [0x000000072e300000, 0x0000000736900000, 0x00000007c0000000)
  eden space 63488K, 0% used [0x000000072e300000,0x000000072e300000,0x0000000732100000)
  from space 5120K, 99% used [0x0000000732100000,0x00000007325f8050,0x0000000732600000)
  to   space 5120K, 0% used [0x0000000736400000,0x0000000736400000,0x0000000736900000)
 ParOldGen       total 84992K, used 36352K [0x000000060a800000, 0x000000060fb00000, 0x000000072e300000)
  object space 84992K, 42% used [0x000000060a800000,0x000000060cb80330,0x000000060fb00000)
 Metaspace       used 11183K, capacity 11340K, committed 11520K, reserved 1058816K
  class space    used 1109K, capacity 1182K, committed 1280K, reserved 1048576K
}
Event: 4.040 GC heap before
{Heap before GC invocations=4 (full 0):
 PSYoungGen      total 68608K, used 68576K [0x000000072e300000, 0x0000000736900000, 0x00000007c0000000)
  eden space 63488K, 100% used [0x000000072e300000,0x0000000732100000,0x0000000732100000)
  from space 5120K, 99% used [0x0000000732100000,0x00000007325f8050,0x0000000732600000)
  to   space 5120K, 0% used [0x0000000736400000,0x0000000736400000,0x0000000736900000)
 ParOldGen       total 84992K, used 36352K [0x000000060a800000, 0x000000060fb00000, 0x000000072e300000)
  object space 84992K, 42% used [0x000000060a800000,0x000000060cb80330,0x000000060fb00000)
 Metaspace       used 18270K, capacity 18544K, committed 18944K, reserved 1067008K
  class space    used 1854K, capacity 1943K, committed 2048K, reserved 1048576K
Event: 4.097 GC heap after
Heap after GC invocations=4 (full 0):
 PSYoungGen      total 132096K, used 5105K [0x000000072e300000, 0x0000000736900000, 0x00000007c0000000)
  eden space 126976K, 0% used [0x000000072e300000,0x000000072e300000,0x0000000735f00000)
  from space 5120K, 99% used [0x0000000736400000,0x00000007368fc700,0x0000000736900000)
  to   space 5120K, 0% used [0x0000000735f00000,0x0000000735f00000,0x0000000736400000)
 ParOldGen       total 84992K, used 59377K [0x000000060a800000, 0x000000060fb00000, 0x000000072e300000)
  object space 84992K, 69% used [0x000000060a800000,0x000000060e1fc4e8,0x000000060fb00000)
 Metaspace       used 18270K, capacity 18544K, committed 18944K, reserved 1067008K
  class space    used 1854K, capacity 1943K, committed 2048K, reserved 1048576K
}
Event: 4.684 GC heap before
{Heap before GC invocations=5 (full 0):
 PSYoungGen      total 132096K, used 131983K [0x000000072e300000, 0x0000000736900000, 0x00000007c0000000)
  eden space 126976K, 99% used [0x000000072e300000,0x0000000735ee7550,0x0000000735f00000)
  from space 5120K, 99% used [0x0000000736400000,0x00000007368fc700,0x0000000736900000)
  to   space 5120K, 0% used [0x0000000735f00000,0x0000000735f00000,0x0000000736400000)
 ParOldGen       total 84992K, used 59377K [0x000000060a800000, 0x000000060fb00000, 0x000000072e300000)
  object space 84992K, 69% used [0x000000060a800000,0x000000060e1fc4e8,0x000000060fb00000)
 Metaspace       used 18780K, capacity 19030K, committed 19456K, reserved 1067008K
  class space    used 1906K, capacity 1976K, committed 2048K, reserved 1048576K
Event: 4.758 GC heap after
Heap after GC invocations=5 (full 0):
 PSYoungGen      total 132096K, used 5103K [0x000000072e300000, 0x0000000742500000, 0x00000007c0000000)
  eden space 126976K, 0% used [0x000000072e300000,0x000000072e300000,0x0000000735f00000)
  from space 5120K, 99% used [0x0000000735f00000,0x00000007363fbeb0,0x0000000736400000)
  to   space 37888K, 0% used [0x0000000740000000,0x0000000740000000,0x0000000742500000)
 ParOldGen       total 91648K, used 90938K [0x000000060a800000, 0x0000000610180000, 0x000000072e300000)
  object space 91648K, 99% used [0x000000060a800000,0x00000006100ceb00,0x0000000610180000)
 Metaspace       used 18780K, capacity 19030K, committed 19456K, reserved 1067008K
  class space    used 1906K, capacity 1976K, committed 2048K, reserved 1048576K
}
Event: 4.758 GC heap before
{Heap before GC invocations=6 (full 1):
 PSYoungGen      total 132096K, used 5103K [0x000000072e300000, 0x0000000742500000, 0x00000007c0000000)
  eden space 126976K, 0% used [0x000000072e300000,0x000000072e300000,0x0000000735f00000)
  from space 5120K, 99% used [0x0000000735f00000,0x00000007363fbeb0,0x0000000736400000)
  to   space 37888K, 0% used [0x0000000740000000,0x0000000740000000,0x0000000742500000)
 ParOldGen       total 91648K, used 90938K [0x000000060a800000, 0x0000000610180000, 0x000000072e300000)
  object space 91648K, 99% used [0x000000060a800000,0x00000006100ceb00,0x0000000610180000)
 Metaspace       used 18780K, capacity 19030K, committed 19456K, reserved 1067008K
  class space    used 1906K, capacity 1976K, committed 2048K, reserved 1048576K
Event: 5.005 GC heap after
Heap after GC invocations=6 (full 1):
 PSYoungGen      total 132096K, used 0K [0x000000072e300000, 0x0000000742500000, 0x00000007c0000000)
  eden space 126976K, 0% used [0x000000072e300000,0x000000072e300000,0x0000000735f00000)
  from space 5120K, 0% used [0x0000000735f00000,0x0000000735f00000,0x0000000736400000)
  to   space 37888K, 0% used [0x0000000740000000,0x0000000740000000,0x0000000742500000)
 ParOldGen       total 141312K, used 63811K [0x000000060a800000, 0x0000000613200000, 0x000000072e300000)
  object space 141312K, 45% used [0x000000060a800000,0x000000060e650f48,0x0000000613200000)
 Metaspace       used 18780K, capacity 19030K, committed 19456K, reserved 1067008K
  class space    used 1906K, capacity 1976K, committed 2048K, reserved 1048576K
}
Event: 5.341 GC heap before
{Heap before GC invocations=7 (full 1):
 PSYoungGen      total 132096K, used 126976K [0x000000072e300000, 0x0000000742500000, 0x00000007c0000000)
  eden space 126976K, 100% used [0x000000072e300000,0x0000000735f00000,0x0000000735f00000)
  from space 5120K, 0% used [0x0000000735f00000,0x0000000735f00000,0x0000000736400000)
  to   space 37888K, 0% used [0x0000000740000000,0x0000000740000000,0x0000000742500000)
 ParOldGen       total 141312K, used 63811K [0x000000060a800000, 0x0000000613200000, 0x000000072e300000)
  object space 141312K, 45% used [0x000000060a800000,0x000000060e650f48,0x0000000613200000)
 Metaspace       used 18782K, capacity 19030K, committed 19456K, reserved 1067008K
  class space    used 1906K, capacity 1976K, committed 2048K, reserved 1048576K
Event: 5.395 GC heap after
Heap after GC invocations=7 (full 1):
 PSYoungGen      total 236032K, used 32333K [0x000000072e300000, 0x0000000742000000, 0x00000007c0000000)
  eden space 203264K, 0% used [0x000000072e300000,0x000000072e300000,0x000000073a980000)
  from space 32768K, 98% used [0x0000000740000000,0x0000000741f93668,0x0000000742000000)
  to   space 40448K, 0% used [0x000000073d100000,0x000000073d100000,0x000000073f880000)
 ParOldGen       total 141312K, used 63819K [0x000000060a800000, 0x0000000613200000, 0x000000072e300000)
  object space 141312K, 45% used [0x000000060a800000,0x000000060e652f48,0x0000000613200000)
 Metaspace       used 18782K, capacity 19030K, committed 19456K, reserved 1067008K
  class space    used 1906K, capacity 1976K, committed 2048K, reserved 1048576K
}
Event: 5.942 GC heap before
{Heap before GC invocations=8 (full 1):
 PSYoungGen      total 236032K, used 235597K [0x000000072e300000, 0x0000000742000000, 0x00000007c0000000)
  eden space 203264K, 100% used [0x000000072e300000,0x000000073a980000,0x000000073a980000)
  from space 32768K, 98% used [0x0000000740000000,0x0000000741f93668,0x0000000742000000)
  to   space 40448K, 0% used [0x000000073d100000,0x000000073d100000,0x000000073f880000)
 ParOldGen       total 141312K, used 63819K [0x000000060a800000, 0x0000000613200000, 0x000000072e300000)
  object space 141312K, 45% used [0x000000060a800000,0x000000060e652f48,0x0000000613200000)
 Metaspace       used 18818K, capacity 19100K, committed 19456K, reserved 1067008K
  class space    used 1907K, capacity 1977K, committed 2048K, reserved 1048576K
Event: 6.117 GC heap after
Heap after GC invocations=8 (full 1):
 PSYoungGen      total 284160K, used 40429K [0x000000072e300000, 0x000000074a500000, 0x00000007c0000000)
  eden space 243712K, 0% used [0x000000072e300000,0x000000072e300000,0x000000073d100000)
  from space 40448K, 99% used [0x000000073d100000,0x000000073f87b688,0x000000073f880000)
  to   space 57344K, 0% used [0x0000000746d00000,0x0000000746d00000,0x000000074a500000)
 ParOldGen       total 141312K, used 85988K [0x000000060a800000, 0x0000000613200000, 0x000000072e300000)
  object space 141312K, 60% used [0x000000060a800000,0x000000060fbf9088,0x0000000613200000)
 Metaspace       used 18818K, capacity 19100K, committed 19456K, reserved 1067008K
  class space    used 1907K, capacity 1977K, committed 2048K, reserved 1048576K
}
Event: 6.693 GC heap before
{Heap before GC invocations=9 (full 1):
 PSYoungGen      total 284160K, used 282305K [0x000000072e300000, 0x000000074a500000, 0x00000007c0000000)
  eden space 243712K, 99% used [0x000000072e300000,0x000000073cf35128,0x000000073d100000)
  from space 40448K, 99% used [0x000000073d100000,0x000000073f87b688,0x000000073f880000)
  to   space 57344K, 0% used [0x0000000746d00000,0x0000000746d00000,0x000000074a500000)
 ParOldGen       total 141312K, used 85988K [0x000000060a800000, 0x0000000613200000, 0x000000072e300000)
  object space 141312K, 60% used [0x000000060a800000,0x000000060fbf9088,0x0000000613200000)
 Metaspace       used 18836K, capacity 19100K, committed 19456K, reserved 1067008K
  class space    used 1907K, capacity 1977K, committed 2048K, reserved 1048576K
Event: 6.853 GC heap after
Heap after GC invocations=9 (full 1):
 PSYoungGen      total 386048K, used 57325K [0x000000072e300000, 0x0000000751380000, 0x00000007c0000000)
  eden space 328704K, 0% used [0x000000072e300000,0x000000072e300000,0x0000000742400000)
  from space 57344K, 99% used [0x0000000746d00000,0x000000074a4fb6c8,0x000000074a500000)
  to   space 74752K, 0% used [0x0000000742400000,0x0000000742400000,0x0000000746d00000)
 ParOldGen       total 141312K, used 105708K [0x000000060a800000, 0x0000000613200000, 0x000000072e300000)
  object space 141312K, 74% used [0x000000060a800000,0x0000000610f3b138,0x0000000613200000)
 Metaspace       used 18836K, capacity 19100K, committed 19456K, reserved 1067008K
  class space    used 1907K, capacity 1977K, committed 2048K, reserved 1048576K
}
Event: 7.677 GC heap before
{Heap before GC invocations=10 (full 1):
 PSYoungGen      total 386048K, used 386029K [0x000000072e300000, 0x0000000751380000, 0x00000007c0000000)
  eden space 328704K, 100% used [0x000000072e300000,0x0000000742400000,0x0000000742400000)
  from space 57344K, 99% used [0x0000000746d00000,0x000000074a4fb6c8,0x000000074a500000)
  to   space 74752K, 0% used [0x0000000742400000,0x0000000742400000,0x0000000746d00000)
 ParOldGen       total 141312K, used 105708K [0x000000060a800000, 0x0000000613200000, 0x000000072e300000)
  object space 141312K, 74% used [0x000000060a800000,0x0000000610f3b138,0x0000000613200000)
 Metaspace       used 19526K, capacity 19772K, committed 20096K, reserved 1067008K
  class space    used 2001K, capacity 2073K, committed 2176K, reserved 1048576K
Event: 7.926 GC heap after
Heap after GC invocations=10 (full 1):
 PSYoungGen      total 403456K, used 74747K [0x000000072e300000, 0x0000000758080000, 0x00000007c0000000)
  eden space 328704K, 0% used [0x000000072e300000,0x000000072e300000,0x0000000742400000)
  from space 74752K, 99% used [0x0000000742400000,0x0000000746cfee88,0x0000000746d00000)
  to   space 102400K, 0% used [0x0000000751c80000,0x0000000751c80000,0x0000000758080000)
 ParOldGen       total 146432K, used 145994K [0x000000060a800000, 0x0000000613700000, 0x000000072e300000)
  object space 146432K, 99% used [0x000000060a800000,0x00000006136928d0,0x0000000613700000)
 Metaspace       used 19526K, capacity 19772K, committed 20096K, reserved 1067008K
  class space    used 2001K, capacity 2073K, committed 2176K, reserved 1048576K
}
Event: 7.926 GC heap before
{Heap before GC invocations=11 (full 2):
 PSYoungGen      total 403456K, used 74747K [0x000000072e300000, 0x0000000758080000, 0x00000007c0000000)
  eden space 328704K, 0% used [0x000000072e300000,0x000000072e300000,0x0000000742400000)
  from space 74752K, 99% used [0x0000000742400000,0x0000000746cfee88,0x0000000746d00000)
  to   space 102400K, 0% used [0x0000000751c80000,0x0000000751c80000,0x0000000758080000)
 ParOldGen       total 146432K, used 145994K [0x000000060a800000, 0x0000000613700000, 0x000000072e300000)
  object space 146432K, 99% used [0x000000060a800000,0x00000006136928d0,0x0000000613700000)
 Metaspace       used 19526K, capacity 19772K, committed 20096K, reserved 1067008K
  class space    used 2001K, capacity 2073K, committed 2176K, reserved 1048576K
Event: 8.356 GC heap after
Heap after GC invocations=11 (full 2):
 PSYoungGen      total 403456K, used 0K [0x000000072e300000, 0x0000000758080000, 0x00000007c0000000)
  eden space 328704K, 0% used [0x000000072e300000,0x000000072e300000,0x0000000742400000)
  from space 74752K, 0% used [0x0000000742400000,0x0000000742400000,0x0000000746d00000)
  to   space 102400K, 0% used [0x0000000751c80000,0x0000000751c80000,0x0000000758080000)
 ParOldGen       total 226816K, used 123813K [0x000000060a800000, 0x0000000618580000, 0x000000072e300000)
  object space 226816K, 54% used [0x000000060a800000,0x00000006120e97a8,0x0000000618580000)
 Metaspace       used 19526K, capacity 19772K, committed 20096K, reserved 1067008K
  class space    used 2001K, capacity 2073K, committed 2176K, reserved 1048576K
}
Event: 9.261 GC heap before
{Heap before GC invocations=12 (full 2):
 PSYoungGen      total 403456K, used 328704K [0x000000072e300000, 0x0000000758080000, 0x00000007c0000000)
  eden space 328704K, 100% used [0x000000072e300000,0x0000000742400000,0x0000000742400000)
  from space 74752K, 0% used [0x0000000742400000,0x0000000742400000,0x0000000746d00000)
  to   space 102400K, 0% used [0x0000000751c80000,0x0000000751c80000,0x0000000758080000)
 ParOldGen       total 226816K, used 123813K [0x000000060a800000, 0x0000000618580000, 0x000000072e300000)
  object space 226816K, 54% used [0x000000060a800000,0x00000006120e97a8,0x0000000618580000)
 Metaspace       used 19554K, capacity 19772K, committed 20096K, reserved 1067008K
  class space    used 2003K, capacity 2073K, committed 2176K, reserved 1048576K
Event: 9.467 GC heap after
Heap after GC invocations=12 (full 2):
 PSYoungGen      total 541184K, used 71977K [0x000000072e300000, 0x0000000757080000, 0x00000007c0000000)
  eden space 455168K, 0% used [0x000000072e300000,0x000000072e300000,0x0000000749f80000)
  from space 86016K, 83% used [0x0000000751c80000,0x00000007562ca608,0x0000000757080000)
  to   space 107008K, 0% used [0x0000000749f80000,0x0000000749f80000,0x0000000750800000)
 ParOldGen       total 226816K, used 123821K [0x000000060a800000, 0x0000000618580000, 0x000000072e300000)
  object space 226816K, 54% used [0x000000060a800000,0x00000006120eb7a8,0x0000000618580000)
 Metaspace       used 19554K, capacity 19772K, committed 20096K, reserved 1067008K
  class space    used 2003K, capacity 2073K, committed 2176K, reserved 1048576K
}
Event: 10.593 GC heap before
{Heap before GC invocations=13 (full 2):
 PSYoungGen      total 541184K, used 527145K [0x000000072e300000, 0x0000000757080000, 0x00000007c0000000)
  eden space 455168K, 100% used [0x000000072e300000,0x0000000749f80000,0x0000000749f80000)
  from space 86016K, 83% used [0x0000000751c80000,0x00000007562ca608,0x0000000757080000)
  to   space 107008K, 0% used [0x0000000749f80000,0x0000000749f80000,0x0000000750800000)
 ParOldGen       total 226816K, used 123821K [0x000000060a800000, 0x0000000618580000, 0x000000072e300000)
  object space 226816K, 54% used [0x000000060a800000,0x00000006120eb7a8,0x0000000618580000)
 Metaspace       used 19669K, capacity 19940K, committed 20352K, reserved 1067008K
  class space    used 2016K, capacity 2105K, committed 2176K, reserved 1048576K
Event: 10.794 GC heap after
Heap after GC invocations=13 (full 2):
 PSYoungGen      total 562176K, used 87945K [0x000000072e300000, 0x0000000762b80000, 0x00000007c0000000)
  eden space 455168K, 0% used [0x000000072e300000,0x000000072e300000,0x0000000749f80000)
  from space 107008K, 82% used [0x0000000749f80000,0x000000074f562638,0x0000000750800000)
  to   space 115712K, 0% used [0x000000075ba80000,0x000000075ba80000,0x0000000762b80000)
 ParOldGen       total 226816K, used 134101K [0x000000060a800000, 0x0000000618580000, 0x000000072e300000)
  object space 226816K, 59% used [0x000000060a800000,0x0000000612af57c8,0x0000000618580000)
 Metaspace       used 19669K, capacity 19940K, committed 20352K, reserved 1067008K
  class space    used 2016K, capacity 2105K, committed 2176K, reserved 1048576K
}
Event: 12.661 GC heap before
{Heap before GC invocations=14 (full 2):
 PSYoungGen      total 562176K, used 543113K [0x000000072e300000, 0x0000000762b80000, 0x00000007c0000000)
  eden space 455168K, 100% used [0x000000072e300000,0x0000000749f80000,0x0000000749f80000)
  from space 107008K, 82% used [0x0000000749f80000,0x000000074f562638,0x0000000750800000)
  to   space 115712K, 0% used [0x000000075ba80000,0x000000075ba80000,0x0000000762b80000)
 ParOldGen       total 226816K, used 134101K [0x000000060a800000, 0x0000000618580000, 0x000000072e300000)
  object space 226816K, 59% used [0x000000060a800000,0x0000000612af57c8,0x0000000618580000)
 Metaspace       used 23884K, capacity 24158K, committed 24448K, reserved 1071104K
  class space    used 2808K, capacity 2924K, committed 2944K, reserved 1048576K
Event: 12.923 GC heap after
Heap after GC invocations=14 (full 2):
 PSYoungGen      total 732160K, used 102573K [0x000000072e300000, 0x0000000764100000, 0x00000007c0000000)
  eden space 616448K, 0% used [0x000000072e300000,0x000000072e300000,0x0000000753d00000)
  from space 115712K, 88% used [0x000000075ba80000,0x0000000761eab500,0x0000000762b80000)
  to   space 128512K, 0% used [0x0000000753d00000,0x0000000753d00000,0x000000075ba80000)
 ParOldGen       total 226816K, used 140345K [0x000000060a800000, 0x0000000618580000, 0x000000072e300000)
  object space 226816K, 61% used [0x000000060a800000,0x000000061310e7f8,0x0000000618580000)
 Metaspace       used 23884K, capacity 24158K, committed 24448K, reserved 1071104K
  class space    used 2808K, capacity 2924K, committed 2944K, reserved 1048576K
}
Event: 14.719 GC heap before
{Heap before GC invocations=15 (full 2):
 PSYoungGen      total 732160K, used 719021K [0x000000072e300000, 0x0000000764100000, 0x00000007c0000000)
  eden space 616448K, 100% used [0x000000072e300000,0x0000000753d00000,0x0000000753d00000)
  from space 115712K, 88% used [0x000000075ba80000,0x0000000761eab500,0x0000000762b80000)
  to   space 128512K, 0% used [0x0000000753d00000,0x0000000753d00000,0x000000075ba80000)
 ParOldGen       total 226816K, used 140345K [0x000000060a800000, 0x0000000618580000, 0x000000072e300000)
  object space 226816K, 61% used [0x000000060a800000,0x000000061310e7f8,0x0000000618580000)
 Metaspace       used 24018K, capacity 24286K, committed 24704K, reserved 1071104K
  class space    used 2818K, capacity 2924K, committed 2944K, reserved 1048576K
Event: 15.151 GC heap after
Heap after GC invocations=15 (full 2):
 PSYoungGen      total 744960K, used 128507K [0x000000072e300000, 0x0000000775600000, 0x00000007c0000000)
  eden space 616448K, 0% used [0x000000072e300000,0x000000072e300000,0x0000000753d00000)
  from space 128512K, 99% used [0x0000000753d00000,0x000000075ba7ef28,0x000000075ba80000)
  to   space 156160K, 0% used [0x000000076bd80000,0x000000076bd80000,0x0000000775600000)
 ParOldGen       total 226816K, used 163009K [0x000000060a800000, 0x0000000618580000, 0x000000072e300000)
  object space 226816K, 71% used [0x000000060a800000,0x00000006147307a8,0x0000000618580000)
 Metaspace       used 24018K, capacity 24286K, committed 24704K, reserved 1071104K
  class space    used 2818K, capacity 2924K, committed 2944K, reserved 1048576K
}
Event: 16.494 GC heap before
{Heap before GC invocations=16 (full 2):
 PSYoungGen      total 744960K, used 743316K [0x000000072e300000, 0x0000000775600000, 0x00000007c0000000)
  eden space 616448K, 99% used [0x000000072e300000,0x0000000753b664b8,0x0000000753d00000)
  from space 128512K, 99% used [0x0000000753d00000,0x000000075ba7ef28,0x000000075ba80000)
  to   space 156160K, 0% used [0x000000076bd80000,0x000000076bd80000,0x0000000775600000)
 ParOldGen       total 226816K, used 163009K [0x000000060a800000, 0x0000000618580000, 0x000000072e300000)
  object space 226816K, 71% used [0x000000060a800000,0x00000006147307a8,0x0000000618580000)
 Metaspace       used 24137K, capacity 24414K, committed 24704K, reserved 1071104K
  class space    used 2818K, capacity 2924K, committed 2944K, reserved 1048576K
Event: 18.288 GC heap after
Heap after GC invocations=16 (full 2):
 PSYoungGen      total 998400K, used 122111K [0x000000072e300000, 0x0000000779380000, 0x00000007c0000000)
  eden space 842240K, 0% used [0x000000072e300000,0x000000072e300000,0x0000000761980000)
  from space 156160K, 78% used [0x000000076bd80000,0x00000007734bfda0,0x0000000775600000)
  to   space 167936K, 0% used [0x0000000761980000,0x0000000761980000,0x000000076bd80000)
 ParOldGen       total 226816K, used 178385K [0x000000060a800000, 0x0000000618580000, 0x000000072e300000)
  object space 226816K, 78% used [0x000000060a800000,0x00000006156347d8,0x0000000618580000)
 Metaspace       used 24137K, capacity 24414K, committed 24704K, reserved 1071104K
  class space    used 2818K, capacity 2924K, committed 2944K, reserved 1048576K
}
Event: 22.592 GC heap before
{Heap before GC invocations=17 (full 2):
 PSYoungGen      total 998400K, used 964351K [0x000000072e300000, 0x0000000779380000, 0x00000007c0000000)
  eden space 842240K, 100% used [0x000000072e300000,0x0000000761980000,0x0000000761980000)
  from space 156160K, 78% used [0x000000076bd80000,0x00000007734bfda0,0x0000000775600000)
  to   space 167936K, 0% used [0x0000000761980000,0x0000000761980000,0x000000076bd80000)
 ParOldGen       total 226816K, used 178385K [0x000000060a800000, 0x0000000618580000, 0x000000072e300000)
  object space 226816K, 78% used [0x000000060a800000,0x00000006156347d8,0x0000000618580000)
 Metaspace       used 28572K, capacity 28918K, committed 29312K, reserved 1075200K
  class space    used 3357K, capacity 3454K, committed 3456K, reserved 1048576K
Event: 24.074 GC heap after
Heap after GC invocations=17 (full 2):
 PSYoungGen      total 1010176K, used 164326K [0x000000072e300000, 0x0000000790300000, 0x00000007c0000000)
  eden space 842240K, 0% used [0x000000072e300000,0x000000072e300000,0x0000000761980000)
  from space 167936K, 97% used [0x0000000761980000,0x000000076b9f9aa0,0x000000076bd80000)
  to   space 193024K, 0% used [0x0000000784680000,0x0000000784680000,0x0000000790300000)
 ParOldGen       total 226816K, used 179817K [0x000000060a800000, 0x0000000618580000, 0x000000072e300000)
  object space 226816K, 79% used [0x000000060a800000,0x000000061579a7f8,0x0000000618580000)
 Metaspace       used 28572K, capacity 28918K, committed 29312K, reserved 1075200K
  class space    used 3357K, capacity 3454K, committed 3456K, reserved 1048576K
}
Event: 25.943 GC heap before
{Heap before GC invocations=18 (full 2):
 PSYoungGen      total 1010176K, used 584557K [0x000000072e300000, 0x0000000790300000, 0x00000007c0000000)
  eden space 842240K, 49% used [0x000000072e300000,0x0000000747d61990,0x0000000761980000)
  from space 167936K, 97% used [0x0000000761980000,0x000000076b9f9aa0,0x000000076bd80000)
  to   space 193024K, 0% used [0x0000000784680000,0x0000000784680000,0x0000000790300000)
 ParOldGen       total 226816K, used 179817K [0x000000060a800000, 0x0000000618580000, 0x000000072e300000)
  object space 226816K, 79% used [0x000000060a800000,0x000000061579a7f8,0x0000000618580000)
 Metaspace       used 28919K, capacity 29270K, committed 29696K, reserved 1075200K
  class space    used 3377K, capacity 3486K, committed 3584K, reserved 1048576K
Event: 26.499 GC heap after
Heap after GC invocations=18 (full 2):
 PSYoungGen      total 1406464K, used 102790K [0x000000072e300000, 0x000000078fd00000, 0x00000007c0000000)
  eden space 1219584K, 0% used [0x000000072e300000,0x000000072e300000,0x0000000778a00000)
  from space 186880K, 55% used [0x0000000784680000,0x000000078aae19d0,0x000000078fd00000)
  to   space 189952K, 0% used [0x0000000778a00000,0x0000000778a00000,0x0000000784380000)
 ParOldGen       total 226816K, used 214249K [0x000000060a800000, 0x0000000618580000, 0x000000072e300000)
  object space 226816K, 94% used [0x000000060a800000,0x000000061793a6a0,0x0000000618580000)
 Metaspace       used 28919K, capacity 29270K, committed 29696K, reserved 1075200K
  class space    used 3377K, capacity 3486K, committed 3584K, reserved 1048576K
}
Event: 26.499 GC heap before
{Heap before GC invocations=19 (full 3):
 PSYoungGen      total 1406464K, used 102790K [0x000000072e300000, 0x000000078fd00000, 0x00000007c0000000)
  eden space 1219584K, 0% used [0x000000072e300000,0x000000072e300000,0x0000000778a00000)
  from space 186880K, 55% used [0x0000000784680000,0x000000078aae19d0,0x000000078fd00000)
  to   space 189952K, 0% used [0x0000000778a00000,0x0000000778a00000,0x0000000784380000)
 ParOldGen       total 226816K, used 214249K [0x000000060a800000, 0x0000000618580000, 0x000000072e300000)
  object space 226816K, 94% used [0x000000060a800000,0x000000061793a6a0,0x0000000618580000)
 Metaspace       used 28919K, capacity 29270K, committed 29696K, reserved 1075200K
  class space    used 3377K, capacity 3486K, committed 3584K, reserved 1048576K
Event: 27.188 GC heap after
Heap after GC invocations=19 (full 3):
 PSYoungGen      total 1406464K, used 0K [0x000000072e300000, 0x000000078fd00000, 0x00000007c0000000)
  eden space 1219584K, 0% used [0x000000072e300000,0x000000072e300000,0x0000000778a00000)
  from space 186880K, 0% used [0x0000000784680000,0x0000000784680000,0x000000078fd00000)
  to   space 189952K, 0% used [0x0000000778a00000,0x0000000778a00000,0x0000000784380000)
 ParOldGen       total 226816K, used 210355K [0x000000060a800000, 0x0000000618580000, 0x000000072e300000)
  object space 226816K, 92% used [0x000000060a800000,0x000000061756cd48,0x0000000618580000)
 Metaspace       used 28919K, capacity 29270K, committed 29696K, reserved 1075200K
  class space    used 3377K, capacity 3486K, committed 3584K, reserved 1048576K
}
Event: 27.203 GC heap before
{Heap before GC invocations=20 (full 4):
 PSYoungGen      total 1406464K, used 33927K [0x000000072e300000, 0x000000078fd00000, 0x00000007c0000000)
  eden space 1219584K, 2% used [0x000000072e300000,0x0000000730421d18,0x0000000778a00000)
  from space 186880K, 0% used [0x0000000784680000,0x0000000784680000,0x000000078fd00000)
  to   space 189952K, 0% used [0x0000000778a00000,0x0000000778a00000,0x0000000784380000)
 ParOldGen       total 226816K, used 210355K [0x000000060a800000, 0x0000000618580000, 0x000000072e300000)
  object space 226816K, 92% used [0x000000060a800000,0x000000061756cd48,0x0000000618580000)
 Metaspace       used 28932K, capacity 29290K, committed 29696K, reserved 1075200K
  class space    used 3381K, capacity 3492K, committed 3584K, reserved 1048576K
Event: 27.492 GC heap after
Heap after GC invocations=20 (full 4):
 PSYoungGen      total 1406464K, used 0K [0x000000072e300000, 0x000000078fd00000, 0x00000007c0000000)
  eden space 1219584K, 0% used [0x000000072e300000,0x000000072e300000,0x0000000778a00000)
  from space 186880K, 0% used [0x0000000784680000,0x0000000784680000,0x000000078fd00000)
  to   space 189952K, 0% used [0x0000000778a00000,0x0000000778a00000,0x0000000784380000)
 ParOldGen       total 226816K, used 150597K [0x000000060a800000, 0x0000000618580000, 0x000000072e300000)
  object space 226816K, 66% used [0x000000060a800000,0x0000000613b11408,0x0000000618580000)
 Metaspace       used 28932K, capacity 29290K, committed 29696K, reserved 1075200K
  class space    used 3381K, capacity 3492K, committed 3584K, reserved 1048576K
}
Event: 128.202 GC heap before
{Heap before GC invocations=21 (full 4):
 PSYoungGen      total 1406464K, used 1219584K [0x000000072e300000, 0x000000078fd00000, 0x00000007c0000000)
  eden space 1219584K, 100% used [0x000000072e300000,0x0000000778a00000,0x0000000778a00000)
  from space 186880K, 0% used [0x0000000784680000,0x0000000784680000,0x000000078fd00000)
  to   space 189952K, 0% used [0x0000000778a00000,0x0000000778a00000,0x0000000784380000)
 ParOldGen       total 226816K, used 150597K [0x000000060a800000, 0x0000000618580000, 0x000000072e300000)
  object space 226816K, 66% used [0x000000060a800000,0x0000000613b11408,0x0000000618580000)
 Metaspace       used 36174K, capacity 36708K, committed 36992K, reserved 1081344K
  class space    used 4100K, capacity 4223K, committed 4224K, reserved 1048576K

